<?xml version="1.0" encoding="UTF-8"?>
<testng-results ignored="44" total="55" passed="8" failed="3" skipped="0">
  <reporter-output>
    <line>
      <![CDATA[TEST [Endpoint 3 – GET /repos/{owner}/{repo}/issues - testGetRepoIssues] FAILED at [16:30:29 2026-06-26] - org/testng/internal/objects/InstanceCreator

com.zebrunner.agent.testng.core.retry.RetryAnalyzerInterceptor.lambda$getOriginalRetryAnalyzer$1(RetryAnalyzerInterceptor.java:64)
java.base/java.util.concurrent.ConcurrentHashMap.computeIfAbsent(ConcurrentHashMap.java:1708)
com.zebrunner.agent.testng.core.retry.RetryAnalyzerInterceptor.getOriginalRetryAnalyzer(RetryAnalyzerInterceptor.java:62)
com.zebrunner.agent.testng.core.retry.RetryAnalyzerInterceptor.retry(RetryAnalyzerInterceptor.java:36)
org.testng.internal.TestInvoker.handleInvocationResults(TestInvoker.java:486)
org.testng.internal.TestInvoker.invokeMethod(TestInvoker.java:638)
org.testng.internal.TestInvoker.invokeTestMethod(TestInvoker.java:173)
org.testng.internal.MethodRunner.runInSequence(MethodRunner.java:46)
org.testng.internal.TestInvoker$MethodInvocationAgent.invoke(TestInvoker.java:824)
org.testng.internal.TestInvoker.invokeTestMethods(TestInvoker.java:146)
org.testng.internal.TestMethodWorker.invokeTestMethods(TestMethodWorker.java:146)
org.testng.internal.TestMethodWorker.run(TestMethodWorker.java:128)
java.base/java.util.concurrent.ThreadPoolExecutor.runWorker(ThreadPoolExecutor.java:1136)
java.base/java.util.concurrent.ThreadPoolExecutor$Worker.run(ThreadPoolExecutor.java:635)
java.base/java.lang.Thread.run(Thread.java:842)]]>
    </line>
    <line>
      <![CDATA[TEST [Endpoint 4 – GET /search/repositories - testSearchRepositoriesWithEmptyQuery] FAILED at [16:30:29 2026-06-26] - org/testng/internal/objects/InstanceCreator

com.zebrunner.agent.testng.core.retry.RetryAnalyzerInterceptor.lambda$getOriginalRetryAnalyzer$1(RetryAnalyzerInterceptor.java:64)
java.base/java.util.concurrent.ConcurrentHashMap.computeIfAbsent(ConcurrentHashMap.java:1708)
com.zebrunner.agent.testng.core.retry.RetryAnalyzerInterceptor.getOriginalRetryAnalyzer(RetryAnalyzerInterceptor.java:62)
com.zebrunner.agent.testng.core.retry.RetryAnalyzerInterceptor.retry(RetryAnalyzerInterceptor.java:36)
org.testng.internal.TestInvoker.handleInvocationResults(TestInvoker.java:486)
org.testng.internal.TestInvoker.invokeMethod(TestInvoker.java:638)
org.testng.internal.TestInvoker.invokeTestMethod(TestInvoker.java:173)
org.testng.internal.MethodRunner.runInSequence(MethodRunner.java:46)
org.testng.internal.TestInvoker$MethodInvocationAgent.invoke(TestInvoker.java:824)
org.testng.internal.TestInvoker.invokeTestMethods(TestInvoker.java:146)
org.testng.internal.TestMethodWorker.invokeTestMethods(TestMethodWorker.java:146)
org.testng.internal.TestMethodWorker.run(TestMethodWorker.java:128)
java.base/java.util.concurrent.ThreadPoolExecutor.runWorker(ThreadPoolExecutor.java:1136)
java.base/java.util.concurrent.ThreadPoolExecutor$Worker.run(ThreadPoolExecutor.java:635)
java.base/java.lang.Thread.run(Thread.java:842)]]>
    </line>
    <line>
      <![CDATA[TEST [Endpoint 4 – GET /search/repositories - testSearchRepositoriesWithValidQuery] FAILED at [16:30:29 2026-06-26] - org/testng/internal/objects/InstanceCreator

com.zebrunner.agent.testng.core.retry.RetryAnalyzerInterceptor.lambda$getOriginalRetryAnalyzer$1(RetryAnalyzerInterceptor.java:64)
java.base/java.util.concurrent.ConcurrentHashMap.computeIfAbsent(ConcurrentHashMap.java:1708)
com.zebrunner.agent.testng.core.retry.RetryAnalyzerInterceptor.getOriginalRetryAnalyzer(RetryAnalyzerInterceptor.java:62)
com.zebrunner.agent.testng.core.retry.RetryAnalyzerInterceptor.retry(RetryAnalyzerInterceptor.java:36)
org.testng.internal.TestInvoker.handleInvocationResults(TestInvoker.java:486)
org.testng.internal.TestInvoker.invokeMethod(TestInvoker.java:638)
org.testng.internal.TestInvoker.invokeTestMethod(TestInvoker.java:173)
org.testng.internal.MethodRunner.runInSequence(MethodRunner.java:46)
org.testng.internal.TestInvoker$MethodInvocationAgent.invoke(TestInvoker.java:824)
org.testng.internal.TestInvoker.invokeTestMethods(TestInvoker.java:146)
org.testng.internal.TestMethodWorker.invokeTestMethods(TestMethodWorker.java:146)
org.testng.internal.TestMethodWorker.run(TestMethodWorker.java:128)
java.base/java.util.concurrent.ThreadPoolExecutor.runWorker(ThreadPoolExecutor.java:1136)
java.base/java.util.concurrent.ThreadPoolExecutor$Worker.run(ThreadPoolExecutor.java:635)
java.base/java.lang.Thread.run(Thread.java:842)]]>
    </line>
  </reporter-output>
  <suite started-at="2026-06-26T16:30:25 GET" name="GitHub API Test Suite" finished-at="2026-06-26T16:30:29 GET" duration-ms="3911">
    <groups>
    </groups>
    <test started-at="2026-06-26T16:30:25 GET" name="Endpoint 1 – GET /users/{username}" finished-at="2026-06-26T16:30:28 GET" duration-ms="2557">
      <class name="com.github.api.tests.GitHubApiTest">
        <test-method signature="testGetNonExistentUser()[pri:0, instance:com.github.api.tests.GitHubApiTest@575e862c]" started-at="2026-06-26T16:30:25 GET" name="testGetNonExistentUser" description="[NEGATIVE] GET /users/{username} – non-existent user returns 404" finished-at="2026-06-26T16:30:28 GET" duration-ms="2453" status="PASS">
          <reporter-output>
          </reporter-output>
        </test-method> <!-- testGetNonExistentUser -->
        <test-method signature="testGetExistingUser()[pri:0, instance:com.github.api.tests.GitHubApiTest@575e862c]" started-at="2026-06-26T16:30:25 GET" name="testGetExistingUser" description="[POSITIVE] GET /users/{username} – existing user returns 200" finished-at="2026-06-26T16:30:28 GET" duration-ms="2453" status="PASS">
          <reporter-output>
          </reporter-output>
        </test-method> <!-- testGetExistingUser -->
        <test-method is-config="true" signature="onCarinaAfterMethod()[pri:0, instance:com.github.api.tests.GitHubApiTest@575e862c]" started-at="2026-06-26T16:30:28 GET" name="onCarinaAfterMethod" finished-at="2026-06-26T16:30:28 GET" duration-ms="2" status="PASS">
          <reporter-output>
          </reporter-output>
        </test-method> <!-- onCarinaAfterMethod -->
        <test-method is-config="true" signature="onCarinaAfterMethod()[pri:0, instance:com.github.api.tests.GitHubApiTest@575e862c]" started-at="2026-06-26T16:30:28 GET" name="onCarinaAfterMethod" finished-at="2026-06-26T16:30:28 GET" duration-ms="1" status="PASS">
          <reporter-output>
          </reporter-output>
        </test-method> <!-- onCarinaAfterMethod -->
      </class> <!-- com.github.api.tests.GitHubApiTest -->
    </test> <!-- Endpoint 1 – GET /users/{username} -->
    <test started-at="2026-06-26T16:30:28 GET" name="Endpoint 2 – GET /repos/{owner}/{repo}" finished-at="2026-06-26T16:30:28 GET" duration-ms="362">
      <class name="com.github.api.tests.GitHubApiTest">
        <test-method signature="testGetExistingRepository()[pri:0, instance:com.github.api.tests.GitHubApiTest@3d99d327]" started-at="2026-06-26T16:30:28 GET" name="testGetExistingRepository" description="[POSITIVE] GET /repos/{owner}/{repo} – existing repo returns 200" finished-at="2026-06-26T16:30:28 GET" duration-ms="354" status="PASS">
          <reporter-output>
          </reporter-output>
        </test-method> <!-- testGetExistingRepository -->
        <test-method signature="testGetNonExistentRepository()[pri:0, instance:com.github.api.tests.GitHubApiTest@3d99d327]" started-at="2026-06-26T16:30:28 GET" name="testGetNonExistentRepository" description="[NEGATIVE] GET /repos/{owner}/{repo} – non-existent repo returns 404" finished-at="2026-06-26T16:30:28 GET" duration-ms="304" status="PASS">
          <reporter-output>
          </reporter-output>
        </test-method> <!-- testGetNonExistentRepository -->
        <test-method is-config="true" signature="onCarinaAfterMethod()[pri:0, instance:com.github.api.tests.GitHubApiTest@3d99d327]" started-at="2026-06-26T16:30:28 GET" name="onCarinaAfterMethod" finished-at="2026-06-26T16:30:28 GET" duration-ms="0" status="PASS">
          <reporter-output>
          </reporter-output>
        </test-method> <!-- onCarinaAfterMethod -->
        <test-method is-config="true" signature="onCarinaAfterMethod()[pri:0, instance:com.github.api.tests.GitHubApiTest@3d99d327]" started-at="2026-06-26T16:30:28 GET" name="onCarinaAfterMethod" finished-at="2026-06-26T16:30:28 GET" duration-ms="0" status="PASS">
          <reporter-output>
          </reporter-output>
        </test-method> <!-- onCarinaAfterMethod -->
      </class> <!-- com.github.api.tests.GitHubApiTest -->
    </test> <!-- Endpoint 2 – GET /repos/{owner}/{repo} -->
    <test started-at="2026-06-26T16:30:28 GET" name="Endpoint 3 – GET /repos/{owner}/{repo}/issues" finished-at="2026-06-26T16:30:29 GET" duration-ms="433">
      <class name="com.github.api.tests.GitHubApiTest">
        <test-method signature="testGetRepoIssues()[pri:0, instance:com.github.api.tests.GitHubApiTest@7187078a]" started-at="2026-06-26T16:30:28 GET" name="testGetRepoIssues" description="[POSITIVE] GET /repos/{owner}/{repo}/issues – returns 200 with issue list" finished-at="2026-06-26T16:30:29 GET" duration-ms="418" status="FAIL">
          <exception class="java.lang.NoClassDefFoundError">
            <message>
              <![CDATA[org/testng/internal/objects/InstanceCreator]]>
            </message>
            <full-stacktrace>
              <![CDATA[java.lang.NoClassDefFoundError: org/testng/internal/objects/InstanceCreator
at com.zebrunner.agent.testng.core.retry.RetryAnalyzerInterceptor.lambda$getOriginalRetryAnalyzer$1(RetryAnalyzerInterceptor.java:64)
at java.base/java.util.concurrent.ConcurrentHashMap.computeIfAbsent(ConcurrentHashMap.java:1708)
at com.zebrunner.agent.testng.core.retry.RetryAnalyzerInterceptor.getOriginalRetryAnalyzer(RetryAnalyzerInterceptor.java:62)
at com.zebrunner.agent.testng.core.retry.RetryAnalyzerInterceptor.retry(RetryAnalyzerInterceptor.java:36)
at org.testng.internal.TestInvoker.handleInvocationResults(TestInvoker.java:486)
at org.testng.internal.TestInvoker.invokeMethod(TestInvoker.java:638)
at org.testng.internal.TestInvoker.invokeTestMethod(TestInvoker.java:173)
at org.testng.internal.MethodRunner.runInSequence(MethodRunner.java:46)
at org.testng.internal.TestInvoker$MethodInvocationAgent.invoke(TestInvoker.java:824)
at org.testng.internal.TestInvoker.invokeTestMethods(TestInvoker.java:146)
at org.testng.internal.TestMethodWorker.invokeTestMethods(TestMethodWorker.java:146)
at org.testng.internal.TestMethodWorker.run(TestMethodWorker.java:128)
at java.base/java.util.concurrent.ThreadPoolExecutor.runWorker(ThreadPoolExecutor.java:1136)
at java.base/java.util.concurrent.ThreadPoolExecutor$Worker.run(ThreadPoolExecutor.java:635)
at java.base/java.lang.Thread.run(Thread.java:842)
Caused by: java.lang.ClassNotFoundException: org.testng.internal.objects.InstanceCreator
at java.base/jdk.internal.loader.BuiltinClassLoader.loadClass(BuiltinClassLoader.java:641)
at java.base/jdk.internal.loader.ClassLoaders$AppClassLoader.loadClass(ClassLoaders.java:188)
at java.base/java.lang.ClassLoader.loadClass(ClassLoader.java:525)
... 15 more
]]>
            </full-stacktrace>
          </exception> <!-- java.lang.NoClassDefFoundError -->
          <reporter-output>
          </reporter-output>
        </test-method> <!-- testGetRepoIssues -->
        <test-method signature="testGetIssuesNonExistentRepo()[pri:0, instance:com.github.api.tests.GitHubApiTest@7187078a]" started-at="2026-06-26T16:30:28 GET" name="testGetIssuesNonExistentRepo" description="[NEGATIVE] GET /repos/{owner}/{repo}/issues – non-existent repo returns 404" finished-at="2026-06-26T16:30:29 GET" duration-ms="268" status="PASS">
          <reporter-output>
          </reporter-output>
        </test-method> <!-- testGetIssuesNonExistentRepo -->
        <test-method is-config="true" signature="onCarinaAfterMethod()[pri:0, instance:com.github.api.tests.GitHubApiTest@7187078a]" started-at="2026-06-26T16:30:29 GET" name="onCarinaAfterMethod" finished-at="2026-06-26T16:30:29 GET" duration-ms="0" status="PASS">
          <reporter-output>
          </reporter-output>
        </test-method> <!-- onCarinaAfterMethod -->
      </class> <!-- com.github.api.tests.GitHubApiTest -->
    </test> <!-- Endpoint 3 – GET /repos/{owner}/{repo}/issues -->
    <test started-at="2026-06-26T16:30:29 GET" name="Endpoint 4 – GET /search/repositories" finished-at="2026-06-26T16:30:29 GET" duration-ms="96">
      <class name="com.github.api.tests.GitHubApiTest">
        <test-method signature="testSearchRepositoriesWithEmptyQuery()[pri:0, instance:com.github.api.tests.GitHubApiTest@717b0d81]" started-at="2026-06-26T16:30:29 GET" name="testSearchRepositoriesWithEmptyQuery" description="[NEGATIVE] GET /search/repositories – empty query returns 422" finished-at="2026-06-26T16:30:29 GET" duration-ms="82" status="FAIL">
          <exception class="java.lang.NoClassDefFoundError">
            <message>
              <![CDATA[org/testng/internal/objects/InstanceCreator]]>
            </message>
            <full-stacktrace>
              <![CDATA[java.lang.NoClassDefFoundError: org/testng/internal/objects/InstanceCreator
at com.zebrunner.agent.testng.core.retry.RetryAnalyzerInterceptor.lambda$getOriginalRetryAnalyzer$1(RetryAnalyzerInterceptor.java:64)
at java.base/java.util.concurrent.ConcurrentHashMap.computeIfAbsent(ConcurrentHashMap.java:1708)
at com.zebrunner.agent.testng.core.retry.RetryAnalyzerInterceptor.getOriginalRetryAnalyzer(RetryAnalyzerInterceptor.java:62)
at com.zebrunner.agent.testng.core.retry.RetryAnalyzerInterceptor.retry(RetryAnalyzerInterceptor.java:36)
at org.testng.internal.TestInvoker.handleInvocationResults(TestInvoker.java:486)
at org.testng.internal.TestInvoker.invokeMethod(TestInvoker.java:638)
at org.testng.internal.TestInvoker.invokeTestMethod(TestInvoker.java:173)
at org.testng.internal.MethodRunner.runInSequence(MethodRunner.java:46)
at org.testng.internal.TestInvoker$MethodInvocationAgent.invoke(TestInvoker.java:824)
at org.testng.internal.TestInvoker.invokeTestMethods(TestInvoker.java:146)
at org.testng.internal.TestMethodWorker.invokeTestMethods(TestMethodWorker.java:146)
at org.testng.internal.TestMethodWorker.run(TestMethodWorker.java:128)
at java.base/java.util.concurrent.ThreadPoolExecutor.runWorker(ThreadPoolExecutor.java:1136)
at java.base/java.util.concurrent.ThreadPoolExecutor$Worker.run(ThreadPoolExecutor.java:635)
at java.base/java.lang.Thread.run(Thread.java:842)
]]>
            </full-stacktrace>
          </exception> <!-- java.lang.NoClassDefFoundError -->
          <reporter-output>
          </reporter-output>
        </test-method> <!-- testSearchRepositoriesWithEmptyQuery -->
        <test-method signature="testSearchRepositoriesWithValidQuery()[pri:0, instance:com.github.api.tests.GitHubApiTest@717b0d81]" started-at="2026-06-26T16:30:29 GET" name="testSearchRepositoriesWithValidQuery" description="[POSITIVE] GET /search/repositories – valid query returns results" finished-at="2026-06-26T16:30:29 GET" duration-ms="78" status="FAIL">
          <exception class="java.lang.NoClassDefFoundError">
            <message>
              <![CDATA[org/testng/internal/objects/InstanceCreator]]>
            </message>
            <full-stacktrace>
              <![CDATA[java.lang.NoClassDefFoundError: org/testng/internal/objects/InstanceCreator
at com.zebrunner.agent.testng.core.retry.RetryAnalyzerInterceptor.lambda$getOriginalRetryAnalyzer$1(RetryAnalyzerInterceptor.java:64)
at java.base/java.util.concurrent.ConcurrentHashMap.computeIfAbsent(ConcurrentHashMap.java:1708)
at com.zebrunner.agent.testng.core.retry.RetryAnalyzerInterceptor.getOriginalRetryAnalyzer(RetryAnalyzerInterceptor.java:62)
at com.zebrunner.agent.testng.core.retry.RetryAnalyzerInterceptor.retry(RetryAnalyzerInterceptor.java:36)
at org.testng.internal.TestInvoker.handleInvocationResults(TestInvoker.java:486)
at org.testng.internal.TestInvoker.invokeMethod(TestInvoker.java:638)
at org.testng.internal.TestInvoker.invokeTestMethod(TestInvoker.java:173)
at org.testng.internal.MethodRunner.runInSequence(MethodRunner.java:46)
at org.testng.internal.TestInvoker$MethodInvocationAgent.invoke(TestInvoker.java:824)
at org.testng.internal.TestInvoker.invokeTestMethods(TestInvoker.java:146)
at org.testng.internal.TestMethodWorker.invokeTestMethods(TestMethodWorker.java:146)
at org.testng.internal.TestMethodWorker.run(TestMethodWorker.java:128)
at java.base/java.util.concurrent.ThreadPoolExecutor.runWorker(ThreadPoolExecutor.java:1136)
at java.base/java.util.concurrent.ThreadPoolExecutor$Worker.run(ThreadPoolExecutor.java:635)
at java.base/java.lang.Thread.run(Thread.java:842)
]]>
            </full-stacktrace>
          </exception> <!-- java.lang.NoClassDefFoundError -->
          <reporter-output>
          </reporter-output>
        </test-method> <!-- testSearchRepositoriesWithValidQuery -->
      </class> <!-- com.github.api.tests.GitHubApiTest -->
    </test> <!-- Endpoint 4 – GET /search/repositories -->
    <test started-at="2026-06-26T16:30:29 GET" name="Endpoint 5 – GET /users/{username}/repos" finished-at="2026-06-26T16:30:29 GET" duration-ms="383">
      <class name="com.github.api.tests.GitHubApiTest">
        <test-method signature="testGetReposForNonExistentUser()[pri:0, instance:com.github.api.tests.GitHubApiTest@138b9abe]" started-at="2026-06-26T16:30:29 GET" name="testGetReposForNonExistentUser" description="[NEGATIVE] GET /users/{username}/repos – non-existent user returns 404" finished-at="2026-06-26T16:30:29 GET" duration-ms="305" status="PASS">
          <reporter-output>
          </reporter-output>
        </test-method> <!-- testGetReposForNonExistentUser -->
        <test-method signature="testChainedUserToRepos()[pri:0, instance:com.github.api.tests.GitHubApiTest@138b9abe]" started-at="2026-06-26T16:30:29 GET" name="testChainedUserToRepos" description="[POSITIVE] Chained call: GET user → GET user repos via repos_url" finished-at="2026-06-26T16:30:29 GET" duration-ms="303" status="PASS">
          <reporter-output>
          </reporter-output>
        </test-method> <!-- testChainedUserToRepos -->
        <test-method signature="testGetUserRepos()[pri:0, instance:com.github.api.tests.GitHubApiTest@138b9abe]" started-at="2026-06-26T16:30:29 GET" name="testGetUserRepos" description="[POSITIVE] GET /users/{username}/repos – valid user returns repo list" finished-at="2026-06-26T16:30:29 GET" duration-ms="374" status="PASS">
          <reporter-output>
          </reporter-output>
        </test-method> <!-- testGetUserRepos -->
        <test-method is-config="true" signature="onCarinaAfterMethod()[pri:0, instance:com.github.api.tests.GitHubApiTest@138b9abe]" started-at="2026-06-26T16:30:29 GET" name="onCarinaAfterMethod" finished-at="2026-06-26T16:30:29 GET" duration-ms="0" status="PASS">
          <reporter-output>
          </reporter-output>
        </test-method> <!-- onCarinaAfterMethod -->
        <test-method is-config="true" signature="onCarinaAfterMethod()[pri:0, instance:com.github.api.tests.GitHubApiTest@138b9abe]" started-at="2026-06-26T16:30:29 GET" name="onCarinaAfterMethod" finished-at="2026-06-26T16:30:29 GET" duration-ms="0" status="PASS">
          <reporter-output>
          </reporter-output>
        </test-method> <!-- onCarinaAfterMethod -->
        <test-method is-config="true" signature="onCarinaAfterMethod()[pri:0, instance:com.github.api.tests.GitHubApiTest@138b9abe]" started-at="2026-06-26T16:30:29 GET" name="onCarinaAfterMethod" finished-at="2026-06-26T16:30:29 GET" duration-ms="0" status="PASS">
          <reporter-output>
          </reporter-output>
        </test-method> <!-- onCarinaAfterMethod -->
      </class> <!-- com.github.api.tests.GitHubApiTest -->
    </test> <!-- Endpoint 5 – GET /users/{username}/repos -->
  </suite> <!-- GitHub API Test Suite -->
</testng-results>
