<?xml version="1.0" encoding="UTF-8"?>
<testsuite xmlns:xsi="http://www.w3.org/2001/XMLSchema-instance" xsi:noNamespaceSchemaLocation="https://maven.apache.org/surefire/maven-surefire-plugin/xsd/surefire-test-report-3.0.xsd" version="3.0" name="TestSuite" time="7.149" tests="11" errors="0" skipped="0" failures="3">
  <properties>
[...]
</properties>
  <testcase name="testGetExistingUser" classname="com.github.api.tests.GitHubApiTest" time="2.452">
    <system-out><![CDATA[...
... TestNG 7.4.0 by Cédric Beust (cedric@beust.com)
...

2026-06-26 16:30:23 CarinaListener [main] [INFO] 
============= Basic configuration =============
env=github
=========== WebDriver configuration ===========
-------------- Driver capabilities ------------
===============================================

2026-06-26 16:30:23 TestRunRegistrar [main-1] [WARN] Reporting disabled: using no op test run registrar
2026-06-26 16:30:25 CarinaListener [main-1] [INFO] Use thread-count='3' from suite file.
2026-06-26 16:30:25 CarinaListener [main-1] [INFO] Set data-provider-thread-count=1
2026-06-26 16:30:25 CarinaListener [main-1] [INFO] CARINA_CORE_VERSION: 1.1.3
2026-06-26 16:30:25 TestRunRegistrar [main-1] [WARN] Reporting disabled: using no op test run registrar
2026-06-26 16:30:25 TestRunRegistrar [main-1] [WARN] Reporting disabled: using no op test run registrar
2026-06-26 16:30:25 TestRunRegistrar [TestNG-test=Endpoint 1 – GET /users/{username}-1] [WARN] Reporting disabled: using no op test run registrar
2026-06-26 16:30:25 Messager [TestNG-test=Endpoint 1 – GET /users/{username}-1-29] [INFO] TEST [Endpoint 1 – GET /users/{username} - testGetExistingUser] STARTED at [16:30:25 2026-06-26]
2026-06-26 16:30:26 TestRunRegistrar [TestNG-test=Endpoint 1 – GET /users/{username}-2] [WARN] Reporting disabled: using no op test run registrar
2026-06-26 16:30:26 Messager [TestNG-test=Endpoint 1 – GET /users/{username}-2-30] [INFO] TEST [Endpoint 1 – GET /users/{username} - testGetNonExistentUser] STARTED at [16:30:26 2026-06-26]
2026-06-26 16:30:27 AbstractApiMethod [TestNG-test=Endpoint 1 – GET /users/{username}-2-30] [INFO] Request method:	GET
Request URI:	https://api.github.com/users/this-user-does-not-exist-xyz-999
Request params:	<none>
Query params:	<none>
Form params:	<none>
Path params:	<none>
Multiparts:		<none>
Cookies:		<none>
Headers:		Accept=*/*
				Content-Type=application/json; charset=UTF-8
Body:			<none>
HTTP/1.1 404 Not Found
Date: Fri, 26 Jun 2026 12:30:07 GMT
Content-Type: application/json; charset=utf-8
X-GitHub-Media-Type: github.v3; format=json
x-github-api-version-selected: 2022-11-28
Access-Control-Expose-Headers: ETag, Link, Location, Retry-After, X-GitHub-OTP, X-RateLimit-Limit, X-RateLimit-Remaining, X-RateLimit-Used, X-RateLimit-Resource, X-RateLimit-Reset, X-OAuth-Scopes, X-Accepted-OAuth-Scopes, X-Poll-Interval, X-GitHub-Media-Type, X-GitHub-SSO, X-GitHub-Request-Id, Deprecation, Sunset, Warning
Access-Control-Allow-Origin: *
Strict-Transport-Security: max-age=31536000; includeSubdomains; preload
X-Frame-Options: deny
X-Content-Type-Options: nosniff
X-XSS-Protection: 0
Referrer-Policy: origin-when-cross-origin, strict-origin-when-cross-origin
Content-Security-Policy: default-src 'none'
Vary: Accept-Encoding, Accept, X-Requested-With
Content-Encoding: gzip
Server: github.com
X-RateLimit-Limit: 60
X-RateLimit-Remaining: 49
X-RateLimit-Used: 11
X-RateLimit-Resource: core
X-RateLimit-Reset: 1782480604
Content-Length: 101
X-GitHub-Request-Id: FF44:35F8D9:3995DD:36CAF3:6A3E70E6

{
    "message": "Not Found",
    "documentation_url": "https://docs.github.com/rest",
    "status": "404"
}

2026-06-26 16:30:27 AbstractApiMethod [TestNG-test=Endpoint 1 – GET /users/{username}-1-29] [INFO] Request method:	GET
Request URI:	https://api.github.com/users/octocat
Request params:	<none>
Query params:	<none>
Form params:	<none>
Path params:	<none>
Multiparts:		<none>
Cookies:		<none>
Headers:		Accept=*/*
				Content-Type=application/json; charset=UTF-8
Body:			<none>
HTTP/1.1 200 OK
Date: Fri, 26 Jun 2026 12:30:04 GMT
Content-Type: application/json; charset=utf-8
Cache-Control: public, max-age=60, s-maxage=60
Vary: Accept,Accept-Encoding, Accept, X-Requested-With
ETag: W/"c5aa768907a49adf872009a97a88f3f32c4be49939b165a2ef4f5fbd239fbc9c"
Last-Modified: Mon, 22 Jun 2026 11:32:20 GMT
X-GitHub-Media-Type: github.v3; format=json
x-github-api-version-selected: 2022-11-28
Access-Control-Expose-Headers: ETag, Link, Location, Retry-After, X-GitHub-OTP, X-RateLimit-Limit, X-RateLimit-Remaining, X-RateLimit-Used, X-RateLimit-Resource, X-RateLimit-Reset, X-OAuth-Scopes, X-Accepted-OAuth-Scopes, X-Poll-Interval, X-GitHub-Media-Type, X-GitHub-SSO, X-GitHub-Request-Id, Deprecation, Sunset, Warning
Access-Control-Allow-Origin: *
Strict-Transport-Security: max-age=31536000; includeSubdomains; preload
X-Frame-Options: deny
X-Content-Type-Options: nosniff
X-XSS-Protection: 0
Referrer-Policy: origin-when-cross-origin, strict-origin-when-cross-origin
Content-Security-Policy: default-src 'none'
Content-Encoding: gzip
Server: github.com
Accept-Ranges: bytes
X-RateLimit-Limit: 60
X-RateLimit-Remaining: 50
X-RateLimit-Used: 10
X-RateLimit-Resource: core
X-RateLimit-Reset: 1782480604
Content-Length: 495
X-GitHub-Request-Id: FF45:1F5AB9:3A9E67:37BACA:6A3E70E6

{
    "login": "octocat",
    "id": 583231,
    "node_id": "MDQ6VXNlcjU4MzIzMQ==",
    "avatar_url": "https://avatars.githubusercontent.com/u/583231?v=4",
    "gravatar_id": "",
    "url": "https://api.github.com/users/octocat",
    "html_url": "https://github.com/octocat",
    "followers_url": "https://api.github.com/users/octocat/followers",
    "following_url": "https://api.github.com/users/octocat/following{/other_user}",
    "gists_url": "https://api.github.com/users/octocat/gists{/gist_id}",
    "starred_url": "https://api.github.com/users/octocat/starred{/owner}{/repo}",
    "subscriptions_url": "https://api.github.com/users/octocat/subscriptions",
    "organizations_url": "https://api.github.com/users/octocat/orgs",
    "repos_url": "https://api.github.com/users/octocat/repos",
    "events_url": "https://api.github.com/users/octocat/events{/privacy}",
    "received_events_url": "https://api.github.com/users/octocat/received_events",
    "type": "User",
    "user_view_type": "public",
    "site_admin": false,
    "name": "The Octocat",
    "company": "@github",
    "blog": "https://github.blog",
    "location": "San Francisco",
    "email": null,
    "hireable": null,
    "bio": null,
    "twitter_username": null,
    "public_repos": 8,
    "public_gists": 8,
    "followers": 23077,
    "following": 9,
    "created_at": "2011-01-25T18:44:36Z",
    "updated_at": "2026-06-22T11:32:20Z"
}

2026-06-26 16:30:28 JsonValidator [TestNG-test=Endpoint 1 – GET /users/{username}-1-29] [INFO] JSON schema of version below or equal to draft-04 was detected
2026-06-26 16:30:28 JsonValidator [TestNG-test=Endpoint 1 – GET /users/{username}-1-29] [INFO] Validation against Json schema successfully passed
]]></system-out>
    <system-err><![CDATA[SLF4J: Class path contains multiple SLF4J bindings.
SLF4J: Found binding in [jar:file:/C:/Users/T/.m2/repository/org/apache/logging/log4j/log4j-slf4j-impl/2.17.1/log4j-slf4j-impl-2.17.1.jar!/org/slf4j/impl/StaticLoggerBinder.class]
SLF4J: Found binding in [jar:file:/C:/Users/T/.m2/repository/org/slf4j/slf4j-simple/1.7.36/slf4j-simple-1.7.36.jar!/org/slf4j/impl/StaticLoggerBinder.class]
SLF4J: See http://www.slf4j.org/codes.html#multiple_bindings for an explanation.
SLF4J: Actual binding is of type [org.apache.logging.slf4j.Log4jLoggerFactory]
]]></system-err>
  </testcase>
  <testcase name="testGetNonExistentUser" classname="com.github.api.tests.GitHubApiTest" time="2.452"/>
  <testcase name="testGetNonExistentRepository" classname="com.github.api.tests.GitHubApiTest" time="0.311">
    <system-out><![CDATA[2026-06-26 16:30:28 Messager [TestNG-test=Endpoint 1 – GET /users/{username}-2-30] [INFO] TEST [Endpoint 1 – GET /users/{username} - testGetNonExistentUser] PASSED at [16:30:28 2026-06-26]
2026-06-26 16:30:28 Messager [TestNG-test=Endpoint 1 – GET /users/{username}-1-29] [INFO] TEST [Endpoint 1 – GET /users/{username} - testGetExistingUser] PASSED at [16:30:28 2026-06-26]
2026-06-26 16:30:28 TestRunRegistrar [main-1] [WARN] Reporting disabled: using no op test run registrar
2026-06-26 16:30:28 TestRunRegistrar [main-1] [WARN] Reporting disabled: using no op test run registrar
2026-06-26 16:30:28 TestRunRegistrar [TestNG-test=Endpoint 2 – GET /repos/{owner}/{repo}-1] [WARN] Reporting disabled: using no op test run registrar
2026-06-26 16:30:28 Messager [TestNG-test=Endpoint 2 – GET /repos/{owner}/{repo}-1-41] [INFO] TEST [Endpoint 2 – GET /repos/{owner}/{repo} - testGetExistingRepository] STARTED at [16:30:28 2026-06-26]
2026-06-26 16:30:28 TestRunRegistrar [TestNG-test=Endpoint 2 – GET /repos/{owner}/{repo}-2] [WARN] Reporting disabled: using no op test run registrar
2026-06-26 16:30:28 Messager [TestNG-test=Endpoint 2 – GET /repos/{owner}/{repo}-2-42] [INFO] TEST [Endpoint 2 – GET /repos/{owner}/{repo} - testGetNonExistentRepository] STARTED at [16:30:28 2026-06-26]
2026-06-26 16:30:28 AbstractApiMethod [TestNG-test=Endpoint 2 – GET /repos/{owner}/{repo}-2-42] [INFO] Request method:	GET
Request URI:	https://api.github.com/repos/no-such-owner-xyz/no-such-repo-xyz
Request params:	<none>
Query params:	<none>
Form params:	<none>
Path params:	<none>
Multiparts:		<none>
Cookies:		<none>
Headers:		Accept=*/*
				Content-Type=application/json; charset=UTF-8
Body:			<none>
HTTP/1.1 404 Not Found
Date: Fri, 26 Jun 2026 12:30:06 GMT
Content-Type: application/json; charset=utf-8
X-GitHub-Media-Type: github.v3; format=json
x-github-api-version-selected: 2022-11-28
Access-Control-Expose-Headers: ETag, Link, Location, Retry-After, X-GitHub-OTP, X-RateLimit-Limit, X-RateLimit-Remaining, X-RateLimit-Used, X-RateLimit-Resource, X-RateLimit-Reset, X-OAuth-Scopes, X-Accepted-OAuth-Scopes, X-Poll-Interval, X-GitHub-Media-Type, X-GitHub-SSO, X-GitHub-Request-Id, Deprecation, Sunset, Warning
Access-Control-Allow-Origin: *
Strict-Transport-Security: max-age=31536000; includeSubdomains; preload
X-Frame-Options: deny
X-Content-Type-Options: nosniff
X-XSS-Protection: 0
Referrer-Policy: origin-when-cross-origin, strict-origin-when-cross-origin
Content-Security-Policy: default-src 'none'
Vary: Accept-Encoding, Accept, X-Requested-With
Content-Encoding: gzip
Server: github.com
X-RateLimit-Limit: 60
X-RateLimit-Remaining: 48
X-RateLimit-Used: 12
X-RateLimit-Resource: core
X-RateLimit-Reset: 1782480604
Content-Length: 121
X-GitHub-Request-Id: FF46:1E0F8F:36790D:33869D:6A3E70E7

{
    "message": "Not Found",
    "documentation_url": "https://docs.github.com/rest/repos/repos#get-a-repository",
    "status": "404"
}

2026-06-26 16:30:28 AbstractApiMethod [TestNG-test=Endpoint 2 – GET /repos/{owner}/{repo}-1-41] [INFO] Request method:	GET
Request URI:	https://api.github.com/repos/octocat/Hello-World
Request params:	<none>
Query params:	<none>
Form params:	<none>
Path params:	<none>
Multiparts:		<none>
Cookies:		<none>
Headers:		Accept=*/*
				Content-Type=application/json; charset=UTF-8
Body:			<none>
HTTP/1.1 200 OK
Date: Fri, 26 Jun 2026 12:30:05 GMT
Content-Type: application/json; charset=utf-8
Cache-Control: public, max-age=60, s-maxage=60
Vary: Accept,Accept-Encoding, Accept, X-Requested-With
ETag: W/"f9d2b474f6c346cd230d46d64523ce2ff66caa14c07bb559cebce23908a9e981"
Last-Modified: Fri, 26 Jun 2026 10:58:01 GMT
X-GitHub-Media-Type: github.v3; format=json
x-github-api-version-selected: 2022-11-28
Access-Control-Expose-Headers: ETag, Link, Location, Retry-After, X-GitHub-OTP, X-RateLimit-Limit, X-RateLimit-Remaining, X-RateLimit-Used, X-RateLimit-Resource, X-RateLimit-Reset, X-OAuth-Scopes, X-Accepted-OAuth-Scopes, X-Poll-Interval, X-GitHub-Media-Type, X-GitHub-SSO, X-GitHub-Request-Id, Deprecation, Sunset, Warning
Access-Control-Allow-Origin: *
Strict-Transport-Security: max-age=31536000; includeSubdomains; preload
X-Frame-Options: deny
X-Content-Type-Options: nosniff
X-XSS-Protection: 0
Referrer-Policy: origin-when-cross-origin, strict-origin-when-cross-origin
Content-Security-Policy: default-src 'none'
Content-Encoding: gzip
Server: github.com
Accept-Ranges: bytes
X-RateLimit-Limit: 60
X-RateLimit-Remaining: 47
X-RateLimit-Used: 13
X-RateLimit-Resource: core
X-RateLimit-Reset: 1782480604
Content-Length: 1312
X-GitHub-Request-Id: FF47:68143:38FA7D:3620B4:6A3E70E7

{
    "id": 1296269,
    "node_id": "MDEwOlJlcG9zaXRvcnkxMjk2MjY5",
    "name": "Hello-World",
    "full_name": "octocat/Hello-World",
    "private": false,
    "owner": {
        "login": "octocat",
        "id": 583231,
        "node_id": "MDQ6VXNlcjU4MzIzMQ==",
        "avatar_url": "https://avatars.githubusercontent.com/u/583231?v=4",
        "gravatar_id": "",
        "url": "https://api.github.com/users/octocat",
        "html_url": "https://github.com/octocat",
        "followers_url": "https://api.github.com/users/octocat/followers",
        "following_url": "https://api.github.com/users/octocat/following{/other_user}",
        "gists_url": "https://api.github.com/users/octocat/gists{/gist_id}",
        "starred_url": "https://api.github.com/users/octocat/starred{/owner}{/repo}",
        "subscriptions_url": "https://api.github.com/users/octocat/subscriptions",
        "organizations_url": "https://api.github.com/users/octocat/orgs",
        "repos_url": "https://api.github.com/users/octocat/repos",
        "events_url": "https://api.github.com/users/octocat/events{/privacy}",
        "received_events_url": "https://api.github.com/users/octocat/received_events",
        "type": "User",
        "user_view_type": "public",
        "site_admin": false
    },
    "html_url": "https://github.com/octocat/Hello-World",
    "description": "My first repository on GitHub!",
    "fork": false,
    "url": "https://api.github.com/repos/octocat/Hello-World",
    "forks_url": "https://api.github.com/repos/octocat/Hello-World/forks",
    "keys_url": "https://api.github.com/repos/octocat/Hello-World/keys{/key_id}",
    "collaborators_url": "https://api.github.com/repos/octocat/Hello-World/collaborators{/collaborator}",
    "teams_url": "https://api.github.com/repos/octocat/Hello-World/teams",
    "hooks_url": "https://api.github.com/repos/octocat/Hello-World/hooks",
    "issue_events_url": "https://api.github.com/repos/octocat/Hello-World/issues/events{/number}",
    "events_url": "https://api.github.com/repos/octocat/Hello-World/events",
    "assignees_url": "https://api.github.com/repos/octocat/Hello-World/assignees{/user}",
    "branches_url": "https://api.github.com/repos/octocat/Hello-World/branches{/branch}",
    "tags_url": "https://api.github.com/repos/octocat/Hello-World/tags",
    "blobs_url": "https://api.github.com/repos/octocat/Hello-World/git/blobs{/sha}",
    "git_tags_url": "https://api.github.com/repos/octocat/Hello-World/git/tags{/sha}",
    "git_refs_url": "https://api.github.com/repos/octocat/Hello-World/git/refs{/sha}",
    "trees_url": "https://api.github.com/repos/octocat/Hello-World/git/trees{/sha}",
    "statuses_url": "https://api.github.com/repos/octocat/Hello-World/statuses/{sha}",
    "languages_url": "https://api.github.com/repos/octocat/Hello-World/languages",
    "stargazers_url": "https://api.github.com/repos/octocat/Hello-World/stargazers",
    "contributors_url": "https://api.github.com/repos/octocat/Hello-World/contributors",
    "subscribers_url": "https://api.github.com/repos/octocat/Hello-World/subscribers",
    "subscription_url": "https://api.github.com/repos/octocat/Hello-World/subscription",
    "commits_url": "https://api.github.com/repos/octocat/Hello-World/commits{/sha}",
    "git_commits_url": "https://api.github.com/repos/octocat/Hello-World/git/commits{/sha}",
    "comments_url": "https://api.github.com/repos/octocat/Hello-World/comments{/number}",
    "issue_comment_url": "https://api.github.com/repos/octocat/Hello-World/issues/comments{/number}",
    "contents_url": "https://api.github.com/repos/octocat/Hello-World/contents/{+path}",
    "compare_url": "https://api.github.com/repos/octocat/Hello-World/compare/{base}...{head}",
    "merges_url": "https://api.github.com/repos/octocat/Hello-World/merges",
    "archive_url": "https://api.github.com/repos/octocat/Hello-World/{archive_format}{/ref}",
    "downloads_url": "https://api.github.com/repos/octocat/Hello-World/downloads",
    "issues_url": "https://api.github.com/repos/octocat/Hello-World/issues{/number}",
    "pulls_url": "https://api.github.com/repos/octocat/Hello-World/pulls{/number}",
    "milestones_url": "https://api.github.com/repos/octocat/Hello-World/milestones{/number}",
    "notifications_url": "https://api.github.com/repos/octocat/Hello-World/notifications{?since,all,participating}",
    "labels_url": "https://api.github.com/repos/octocat/Hello-World/labels{/name}",
    "releases_url": "https://api.github.com/repos/octocat/Hello-World/releases{/id}",
    "deployments_url": "https://api.github.com/repos/octocat/Hello-World/deployments",
    "created_at": "2011-01-26T19:01:12Z",
    "updated_at": "2026-06-26T10:58:01Z",
    "pushed_at": "2024-08-20T23:54:42Z",
    "git_url": "git://github.com/octocat/Hello-World.git",
    "ssh_url": "git@github.com:octocat/Hello-World.git",
    "clone_url": "https://github.com/octocat/Hello-World.git",
    "svn_url": "https://github.com/octocat/Hello-World",
    "homepage": "",
    "size": 1,
    "stargazers_count": 3649,
    "watchers_count": 3649,
    "language": null,
    "has_issues": true,
    "has_projects": true,
    "has_downloads": true,
    "has_wiki": true,
    "has_pages": false,
    "has_discussions": false,
    "forks_count": 5990,
    "mirror_url": null,
    "archived": false,
    "disabled": false,
    "open_issues_count": 6339,
    "license": null,
    "allow_forking": true,
    "is_template": false,
    "web_commit_signoff_required": false,
    "has_pull_requests": true,
    "pull_request_creation_policy": "all",
    "topics": [
        
    ],
    "visibility": "public",
    "forks": 5990,
    "open_issues": 6339,
    "watchers": 3649,
    "default_branch": "master",
    "temp_clone_token": null,
    "network_count": 5990,
    "subscribers_count": 1725
}

]]></system-out>
  </testcase>
  <testcase name="testGetExistingRepository" classname="com.github.api.tests.GitHubApiTest" time="0.356">
    <system-out><![CDATA[2026-06-26 16:30:28 Messager [TestNG-test=Endpoint 2 – GET /repos/{owner}/{repo}-2-42] [INFO] TEST [Endpoint 2 – GET /repos/{owner}/{repo} - testGetNonExistentRepository] PASSED at [16:30:28 2026-06-26]
]]></system-out>
  </testcase>
  <testcase name="testGetIssuesNonExistentRepo" classname="com.github.api.tests.GitHubApiTest" time="0.265">
    <system-out><![CDATA[2026-06-26 16:30:28 Messager [TestNG-test=Endpoint 2 – GET /repos/{owner}/{repo}-1-41] [INFO] TEST [Endpoint 2 – GET /repos/{owner}/{repo} - testGetExistingRepository] PASSED at [16:30:28 2026-06-26]
2026-06-26 16:30:28 TestRunRegistrar [main-1] [WARN] Reporting disabled: using no op test run registrar
2026-06-26 16:30:28 TestRunRegistrar [main-1] [WARN] Reporting disabled: using no op test run registrar
2026-06-26 16:30:28 TestRunRegistrar [TestNG-test=Endpoint 3 – GET /repos/{owner}/{repo}/issues-1] [WARN] Reporting disabled: using no op test run registrar
2026-06-26 16:30:28 Messager [TestNG-test=Endpoint 3 – GET /repos/{owner}/{repo}/issues-1-43] [INFO] TEST [Endpoint 3 – GET /repos/{owner}/{repo}/issues - testGetRepoIssues] STARTED at [16:30:28 2026-06-26]
2026-06-26 16:30:28 TestRunRegistrar [TestNG-test=Endpoint 3 – GET /repos/{owner}/{repo}/issues-2] [WARN] Reporting disabled: using no op test run registrar
2026-06-26 16:30:28 Messager [TestNG-test=Endpoint 3 – GET /repos/{owner}/{repo}/issues-2-44] [INFO] TEST [Endpoint 3 – GET /repos/{owner}/{repo}/issues - testGetIssuesNonExistentRepo] STARTED at [16:30:28 2026-06-26]
2026-06-26 16:30:29 AbstractApiMethod [TestNG-test=Endpoint 3 – GET /repos/{owner}/{repo}/issues-2-44] [INFO] Request method:	GET
Request URI:	https://api.github.com/repos/no-such-owner-xyz/no-such-repo-xyz/issues
Request params:	<none>
Query params:	<none>
Form params:	<none>
Path params:	<none>
Multiparts:		<none>
Cookies:		<none>
Headers:		Accept=*/*
				Content-Type=application/json; charset=UTF-8
Body:			<none>
HTTP/1.1 404 Not Found
Date: Fri, 26 Jun 2026 12:30:06 GMT
Content-Type: application/json; charset=utf-8
X-GitHub-Media-Type: github.v3; format=json
x-github-api-version-selected: 2022-11-28
Access-Control-Expose-Headers: ETag, Link, Location, Retry-After, X-GitHub-OTP, X-RateLimit-Limit, X-RateLimit-Remaining, X-RateLimit-Used, X-RateLimit-Resource, X-RateLimit-Reset, X-OAuth-Scopes, X-Accepted-OAuth-Scopes, X-Poll-Interval, X-GitHub-Media-Type, X-GitHub-SSO, X-GitHub-Request-Id, Deprecation, Sunset, Warning
Access-Control-Allow-Origin: *
Strict-Transport-Security: max-age=31536000; includeSubdomains; preload
X-Frame-Options: deny
X-Content-Type-Options: nosniff
X-XSS-Protection: 0
Referrer-Policy: origin-when-cross-origin, strict-origin-when-cross-origin
Content-Security-Policy: default-src 'none'
Vary: Accept-Encoding, Accept, X-Requested-With
Content-Encoding: gzip
Server: github.com
X-RateLimit-Limit: 60
X-RateLimit-Remaining: 45
X-RateLimit-Used: 15
X-RateLimit-Resource: core
X-RateLimit-Reset: 1782480604
Content-Length: 125
X-GitHub-Request-Id: FF49:68143:38FE83:36249C:6A3E70E7

{
    "message": "Not Found",
    "documentation_url": "https://docs.github.com/rest/issues/issues#list-repository-issues",
    "status": "404"
}

]]></system-out>
  </testcase>
  <testcase name="testGetRepoIssues" classname="com.github.api.tests.GitHubApiTest" time="0.447">
    <failure message="org/testng/internal/objects/InstanceCreator" type="java.lang.NoClassDefFoundError"><![CDATA[java.lang.NoClassDefFoundError: org/testng/internal/objects/InstanceCreator
	at com.zebrunner.agent.testng.core.retry.RetryAnalyzerInterceptor.lambda$getOriginalRetryAnalyzer$1(RetryAnalyzerInterceptor.java:64)
	at java.base/java.util.concurrent.ConcurrentHashMap.computeIfAbsent(ConcurrentHashMap.java:1708)
	at com.zebrunner.agent.testng.core.retry.RetryAnalyzerInterceptor.getOriginalRetryAnalyzer(RetryAnalyzerInterceptor.java:62)
	at com.zebrunner.agent.testng.core.retry.RetryAnalyzerInterceptor.retry(RetryAnalyzerInterceptor.java:36)
	at org.testng.internal.TestInvoker.handleInvocationResults(TestInvoker.java:486)
	at org.testng.internal.TestInvoker.invokeMethod(TestInvoker.java:638)
	at org.testng.internal.TestInvoker.invokeTestMethod(TestInvoker.java:173)
	at org.testng.internal.MethodRunner.runInSequence(MethodRunner.java:46)
	at org.testng.internal.TestInvoker$MethodInvocationAgent.invoke(TestInvoker.java:824)
	at org.testng.internal.TestInvoker.invokeTestMethods(TestInvoker.java:146)
	at org.testng.internal.TestMethodWorker.invokeTestMethods(TestMethodWorker.java:146)
	at org.testng.internal.TestMethodWorker.run(TestMethodWorker.java:128)
	at java.base/java.util.concurrent.ThreadPoolExecutor.runWorker(ThreadPoolExecutor.java:1136)
	at java.base/java.util.concurrent.ThreadPoolExecutor$Worker.run(ThreadPoolExecutor.java:635)
	at java.base/java.lang.Thread.run(Thread.java:842)
Caused by: java.lang.ClassNotFoundException: org.testng.internal.objects.InstanceCreator
	at java.base/jdk.internal.loader.BuiltinClassLoader.loadClass(BuiltinClassLoader.java:641)
	at java.base/jdk.internal.loader.ClassLoaders$AppClassLoader.loadClass(ClassLoaders.java:188)
	at java.base/java.lang.ClassLoader.loadClass(ClassLoader.java:525)
	... 15 more
]]></failure>
    <system-out><![CDATA[2026-06-26 16:30:29 Messager [TestNG-test=Endpoint 3 – GET /repos/{owner}/{repo}/issues-2-44] [INFO] TEST [Endpoint 3 – GET /repos/{owner}/{repo}/issues - testGetIssuesNonExistentRepo] PASSED at [16:30:29 2026-06-26]
2026-06-26 16:30:29 AbstractApiMethod [TestNG-test=Endpoint 3 – GET /repos/{owner}/{repo}/issues-1-43] [INFO] Request method:	GET
Request URI:	https://api.github.com/repos/octocat/Hello-World/issues
Request params:	<none>
Query params:	<none>
Form params:	<none>
Path params:	<none>
Multiparts:		<none>
Cookies:		<none>
Headers:		Accept=*/*
				Content-Type=application/json; charset=UTF-8
Body:			<none>
HTTP/1.1 200 OK
Date: Fri, 26 Jun 2026 12:30:07 GMT
Content-Type: application/json; charset=utf-8
Cache-Control: public, max-age=60, s-maxage=60
Vary: Accept,Accept-Encoding, Accept, X-Requested-With
ETag: W/"bcab73cb1f6060d8c4ce143a5c168dd43fce06ffd329c50013dded151dcea4ef"
X-GitHub-Media-Type: github.v3; format=json
Link: <https://api.github.com/repositories/1296269/issues?after=Y3Vyc29yOnYyOpLPAAABnv0N4fDPAAAAARqQnj8%3D&per_page=30&page=2>; rel="next"
x-github-api-version-selected: 2022-11-28
Access-Control-Expose-Headers: ETag, Link, Location, Retry-After, X-GitHub-OTP, X-RateLimit-Limit, X-RateLimit-Remaining, X-RateLimit-Used, X-RateLimit-Resource, X-RateLimit-Reset, X-OAuth-Scopes, X-Accepted-OAuth-Scopes, X-Poll-Interval, X-GitHub-Media-Type, X-GitHub-SSO, X-GitHub-Request-Id, Deprecation, Sunset, Warning
Access-Control-Allow-Origin: *
Strict-Transport-Security: max-age=31536000; includeSubdomains; preload
X-Frame-Options: deny
X-Content-Type-Options: nosniff
X-XSS-Protection: 0
Referrer-Policy: origin-when-cross-origin, strict-origin-when-cross-origin
Content-Security-Policy: default-src 'none'
Content-Encoding: gzip
Server: github.com
Accept-Ranges: bytes
X-RateLimit-Limit: 60
X-RateLimit-Remaining: 46
X-RateLimit-Used: 14
X-RateLimit-Resource: core
X-RateLimit-Reset: 1782480604
Content-Length: 3922
X-GitHub-Request-Id: FF48:216BA9:3A4D37:3761CD:6A3E70E7

[
    {
        "url": "https://api.github.com/repos/octocat/Hello-World/issues/10190",
        "repository_url": "https://api.github.com/repos/octocat/Hello-World",
        "labels_url": "https://api.github.com/repos/octocat/Hello-World/issues/10190/labels{/name}",
        "comments_url": "https://api.github.com/repos/octocat/Hello-World/issues/10190/comments",
        "events_url": "https://api.github.com/repos/octocat/Hello-World/issues/10190/events",
        "html_url": "https://github.com/octocat/Hello-World/issues/10190",
        "id": 4751430401,
        "node_id": "I_kwDOABPHjc8AAAABGzUTAQ",
        "number": 10190,
        "title": "Test Issue 1782471481",
        "user": {
            "login": "neo-noclick",
            "id": 236739863,
            "node_id": "U_kgDODhxdFw",
            "avatar_url": "https://avatars.githubusercontent.com/u/236739863?v=4",
            "gravatar_id": "",
            "url": "https://api.github.com/users/neo-noclick",
            "html_url": "https://github.com/neo-noclick",
            "followers_url": "https://api.github.com/users/neo-noclick/followers",
            "following_url": "https://api.github.com/users/neo-noclick/following{/other_user}",
            "gists_url": "https://api.github.com/users/neo-noclick/gists{/gist_id}",
            "starred_url": "https://api.github.com/users/neo-noclick/starred{/owner}{/repo}",
            "subscriptions_url": "https://api.github.com/users/neo-noclick/subscriptions",
            "organizations_url": "https://api.github.com/users/neo-noclick/orgs",
            "repos_url": "https://api.github.com/users/neo-noclick/repos",
            "events_url": "https://api.github.com/users/neo-noclick/events{/privacy}",
            "received_events_url": "https://api.github.com/users/neo-noclick/received_events",
            "type": "User",
            "user_view_type": "public",
            "site_admin": false
        },
        "labels": [
            
        ],
        "state": "open",
        "locked": false,
        "assignees": [
            
        ],
        "milestone": null,
        "comments": 0,
        "created_at": "2026-06-26T10:58:01Z",
        "updated_at": "2026-06-26T10:58:01Z",
        "closed_at": null,
        "assignee": null,
        "author_association": "NONE",
        "active_lock_reason": null,
        "sub_issues_summary": {
            "total": 0,
            "completed": 0,
            "percent_completed": 0
        },
        "issue_dependencies_summary": {
            "blocked_by": 0,
            "total_blocked_by": 0,
            "blocking": 0,
            "total_blocking": 0
        },
        "body": "This is a test issue created by automated tests.",
        "closed_by": null,
        "reactions": {
            "url": "https://api.github.com/repos/octocat/Hello-World/issues/10190/reactions",
            "total_count": 0,
            "+1": 0,
            "-1": 0,
            "laugh": 0,
            "hooray": 0,
            "confused": 0,
            "heart": 0,
            "rocket": 0,
            "eyes": 0
        },
        "timeline_url": "https://api.github.com/repos/octocat/Hello-World/issues/10190/timeline",
        "performed_via_github_app": null,
        "state_reason": null,
        "pinned_comment": null
    },
    {
        "url": "https://api.github.com/repos/octocat/Hello-World/issues/10189",
        "repository_url": "https://api.github.com/repos/octocat/Hello-World",
        "labels_url": "https://api.github.com/repos/octocat/Hello-World/issues/10189/labels{/name}",
        "comments_url": "https://api.github.com/repos/octocat/Hello-World/issues/10189/comments",
        "events_url": "https://api.github.com/repos/octocat/Hello-World/issues/10189/events",
        "html_url": "https://github.com/octocat/Hello-World/issues/10189",
        "id": 4751146777,
        "node_id": "I_kwDOABPHjc8AAAABGzC_GQ",
        "number": 10189,
        "title": "Test Issue 1782468553",
        "user": {
            "login": "neo-noclick",
            "id": 236739863,
            "node_id": "U_kgDODhxdFw",
            "avatar_url": "https://avatars.githubusercontent.com/u/236739863?v=4",
            "gravatar_id": "",
            "url": "https://api.github.com/users/neo-noclick",
            "html_url": "https://github.com/neo-noclick",
            "followers_url": "https://api.github.com/users/neo-noclick/followers",
            "following_url": "https://api.github.com/users/neo-noclick/following{/other_user}",
            "gists_url": "https://api.github.com/users/neo-noclick/gists{/gist_id}",
            "starred_url": "https://api.github.com/users/neo-noclick/starred{/owner}{/repo}",
            "subscriptions_url": "https://api.github.com/users/neo-noclick/subscriptions",
            "organizations_url": "https://api.github.com/users/neo-noclick/orgs",
            "repos_url": "https://api.github.com/users/neo-noclick/repos",
            "events_url": "https://api.github.com/users/neo-noclick/events{/privacy}",
            "received_events_url": "https://api.github.com/users/neo-noclick/received_events",
            "type": "User",
            "user_view_type": "public",
            "site_admin": false
        },
        "labels": [
            
        ],
        "state": "open",
        "locked": false,
        "assignees": [
            
        ],
        "milestone": null,
        "comments": 0,
        "created_at": "2026-06-26T10:09:13Z",
        "updated_at": "2026-06-26T10:09:13Z",
        "closed_at": null,
        "assignee": null,
        "author_association": "NONE",
        "active_lock_reason": null,
        "sub_issues_summary": {
            "total": 0,
            "completed": 0,
            "percent_completed": 0
        },
        "issue_dependencies_summary": {
            "blocked_by": 0,
            "total_blocked_by": 0,
            "blocking": 0,
            "total_blocking": 0
        },
        "body": "This is a test issue created by automated tests.",
        "closed_by": null,
        "reactions": {
            "url": "https://api.github.com/repos/octocat/Hello-World/issues/10189/reactions",
            "total_count": 0,
            "+1": 0,
            "-1": 0,
            "laugh": 0,
            "hooray": 0,
            "confused": 0,
            "heart": 0,
            "rocket": 0,
            "eyes": 0
        },
        "timeline_url": "https://api.github.com/repos/octocat/Hello-World/issues/10189/timeline",
        "performed_via_github_app": null,
        "state_reason": null,
        "pinned_comment": null
    },
    {
        "url": "https://api.github.com/repos/octocat/Hello-World/issues/10188",
        "repository_url": "https://api.github.com/repos/octocat/Hello-World",
        "labels_url": "https://api.github.com/repos/octocat/Hello-World/issues/10188/labels{/name}",
        "comments_url": "https://api.github.com/repos/octocat/Hello-World/issues/10188/comments",
        "events_url": "https://api.github.com/repos/octocat/Hello-World/issues/10188/events",
        "html_url": "https://github.com/octocat/Hello-World/issues/10188",
        "id": 4751015190,
        "node_id": "I_kwDOABPHjc8AAAABGy69Fg",
        "number": 10188,
        "title": "Test Issue 1782467347",
        "user": {
            "login": "neo-noclick",
            "id": 236739863,
            "node_id": "U_kgDODhxdFw",
            "avatar_url": "https://avatars.githubusercontent.com/u/236739863?v=4",
            "gravatar_id": "",
            "url": "https://api.github.com/users/neo-noclick",
            "html_url": "https://github.com/neo-noclick",
            "followers_url": "https://api.github.com/users/neo-noclick/followers",
            "following_url": "https://api.github.com/users/neo-noclick/following{/other_user}",
            "gists_url": "https://api.github.com/users/neo-noclick/gists{/gist_id}",
            "starred_url": "https://api.github.com/users/neo-noclick/starred{/owner}{/repo}",
            "subscriptions_url": "https://api.github.com/users/neo-noclick/subscriptions",
            "organizations_url": "https://api.github.com/users/neo-noclick/orgs",
            "repos_url": "https://api.github.com/users/neo-noclick/repos",
            "events_url": "https://api.github.com/users/neo-noclick/events{/privacy}",
            "received_events_url": "https://api.github.com/users/neo-noclick/received_events",
            "type": "User",
            "user_view_type": "public",
            "site_admin": false
        },
        "labels": [
            
        ],
        "state": "open",
        "locked": false,
        "assignees": [
            
        ],
        "milestone": null,
        "comments": 0,
        "created_at": "2026-06-26T09:49:07Z",
        "updated_at": "2026-06-26T09:49:07Z",
        "closed_at": null,
        "assignee": null,
        "author_association": "NONE",
        "active_lock_reason": null,
        "sub_issues_summary": {
            "total": 0,
            "completed": 0,
            "percent_completed": 0
        },
        "issue_dependencies_summary": {
            "blocked_by": 0,
            "total_blocked_by": 0,
            "blocking": 0,
            "total_blocking": 0
        },
        "body": "This is a test issue created by automated tests.",
        "closed_by": null,
        "reactions": {
            "url": "https://api.github.com/repos/octocat/Hello-World/issues/10188/reactions",
            "total_count": 0,
            "+1": 0,
            "-1": 0,
            "laugh": 0,
            "hooray": 0,
            "confused": 0,
            "heart": 0,
            "rocket": 0,
            "eyes": 0
        },
        "timeline_url": "https://api.github.com/repos/octocat/Hello-World/issues/10188/timeline",
        "performed_via_github_app": null,
        "state_reason": null,
        "pinned_comment": null
    },
    {
        "url": "https://api.github.com/repos/octocat/Hello-World/issues/10187",
        "repository_url": "https://api.github.com/repos/octocat/Hello-World",
        "labels_url": "https://api.github.com/repos/octocat/Hello-World/issues/10187/labels{/name}",
        "comments_url": "https://api.github.com/repos/octocat/Hello-World/issues/10187/comments",
        "events_url": "https://api.github.com/repos/octocat/Hello-World/issues/10187/events",
        "html_url": "https://github.com/octocat/Hello-World/issues/10187",
        "id": 4751001001,
        "node_id": "I_kwDOABPHjc8AAAABGy6FqQ",
        "number": 10187,
        "title": "Test Issue 1782467222",
        "user": {
            "login": "neo-noclick",
            "id": 236739863,
            "node_id": "U_kgDODhxdFw",
            "avatar_url": "https://avatars.githubusercontent.com/u/236739863?v=4",
            "gravatar_id": "",
            "url": "https://api.github.com/users/neo-noclick",
            "html_url": "https://github.com/neo-noclick",
            "followers_url": "https://api.github.com/users/neo-noclick/followers",
            "following_url": "https://api.github.com/users/neo-noclick/following{/other_user}",
            "gists_url": "https://api.github.com/users/neo-noclick/gists{/gist_id}",
            "starred_url": "https://api.github.com/users/neo-noclick/starred{/owner}{/repo}",
            "subscriptions_url": "https://api.github.com/users/neo-noclick/subscriptions",
            "organizations_url": "https://api.github.com/users/neo-noclick/orgs",
            "repos_url": "https://api.github.com/users/neo-noclick/repos",
            "events_url": "https://api.github.com/users/neo-noclick/events{/privacy}",
            "received_events_url": "https://api.github.com/users/neo-noclick/received_events",
            "type": "User",
            "user_view_type": "public",
            "site_admin": false
        },
        "labels": [
            
        ],
        "state": "open",
        "locked": false,
        "assignees": [
            
        ],
        "milestone": null,
        "comments": 0,
        "created_at": "2026-06-26T09:47:03Z",
        "updated_at": "2026-06-26T09:47:03Z",
        "closed_at": null,
        "assignee": null,
        "author_association": "NONE",
        "active_lock_reason": null,
        "sub_issues_summary": {
            "total": 0,
            "completed": 0,
            "percent_completed": 0
        },
        "issue_dependencies_summary": {
            "blocked_by": 0,
            "total_blocked_by": 0,
            "blocking": 0,
            "total_blocking": 0
        },
        "body": "This is a test issue created by automated tests.",
        "closed_by": null,
        "reactions": {
            "url": "https://api.github.com/repos/octocat/Hello-World/issues/10187/reactions",
            "total_count": 0,
            "+1": 0,
            "-1": 0,
            "laugh": 0,
            "hooray": 0,
            "confused": 0,
            "heart": 0,
            "rocket": 0,
            "eyes": 0
        },
        "timeline_url": "https://api.github.com/repos/octocat/Hello-World/issues/10187/timeline",
        "performed_via_github_app": null,
        "state_reason": null,
        "pinned_comment": null
    },
    {
        "url": "https://api.github.com/repos/octocat/Hello-World/issues/10186",
        "repository_url": "https://api.github.com/repos/octocat/Hello-World",
        "labels_url": "https://api.github.com/repos/octocat/Hello-World/issues/10186/labels{/name}",
        "comments_url": "https://api.github.com/repos/octocat/Hello-World/issues/10186/comments",
        "events_url": "https://api.github.com/repos/octocat/Hello-World/issues/10186/events",
        "html_url": "https://github.com/octocat/Hello-World/issues/10186",
        "id": 4750869414,
        "node_id": "I_kwDOABPHjc8AAAABGyyDpg",
        "number": 10186,
        "title": "Test Issue 1782465912",
        "user": {
            "login": "neo-noclick",
            "id": 236739863,
            "node_id": "U_kgDODhxdFw",
            "avatar_url": "https://avatars.githubusercontent.com/u/236739863?v=4",
            "gravatar_id": "",
            "url": "https://api.github.com/users/neo-noclick",
            "html_url": "https://github.com/neo-noclick",
            "followers_url": "https://api.github.com/users/neo-noclick/followers",
            "following_url": "https://api.github.com/users/neo-noclick/following{/other_user}",
            "gists_url": "https://api.github.com/users/neo-noclick/gists{/gist_id}",
            "starred_url": "https://api.github.com/users/neo-noclick/starred{/owner}{/repo}",
            "subscriptions_url": "https://api.github.com/users/neo-noclick/subscriptions",
            "organizations_url": "https://api.github.com/users/neo-noclick/orgs",
            "repos_url": "https://api.github.com/users/neo-noclick/repos",
            "events_url": "https://api.github.com/users/neo-noclick/events{/privacy}",
            "received_events_url": "https://api.github.com/users/neo-noclick/received_events",
            "type": "User",
            "user_view_type": "public",
            "site_admin": false
        },
        "labels": [
            
        ],
        "state": "open",
        "locked": false,
        "assignees": [
            
        ],
        "milestone": null,
        "comments": 0,
        "created_at": "2026-06-26T09:25:12Z",
        "updated_at": "2026-06-26T09:25:12Z",
        "closed_at": null,
        "assignee": null,
        "author_association": "NONE",
        "active_lock_reason": null,
        "sub_issues_summary": {
            "total": 0,
            "completed": 0,
            "percent_completed": 0
        },
        "issue_dependencies_summary": {
            "blocked_by": 0,
            "total_blocked_by": 0,
            "blocking": 0,
            "total_blocking": 0
        },
        "body": "This is a test issue created by automated tests.",
        "closed_by": null,
        "reactions": {
            "url": "https://api.github.com/repos/octocat/Hello-World/issues/10186/reactions",
            "total_count": 0,
            "+1": 0,
            "-1": 0,
            "laugh": 0,
            "hooray": 0,
            "confused": 0,
            "heart": 0,
            "rocket": 0,
            "eyes": 0
        },
        "timeline_url": "https://api.github.com/repos/octocat/Hello-World/issues/10186/timeline",
        "performed_via_github_app": null,
        "state_reason": null,
        "pinned_comment": null
    },
    {
        "url": "https://api.github.com/repos/octocat/Hello-World/issues/10185",
        "repository_url": "https://api.github.com/repos/octocat/Hello-World",
        "labels_url": "https://api.github.com/repos/octocat/Hello-World/issues/10185/labels{/name}",
        "comments_url": "https://api.github.com/repos/octocat/Hello-World/issues/10185/comments",
        "events_url": "https://api.github.com/repos/octocat/Hello-World/issues/10185/events",
        "html_url": "https://github.com/octocat/Hello-World/issues/10185",
        "id": 4750826941,
        "node_id": "I_kwDOABPHjc8AAAABGyvdvQ",
        "number": 10185,
        "title": "Test Issue 1782465463",
        "user": {
            "login": "neo-noclick",
            "id": 236739863,
            "node_id": "U_kgDODhxdFw",
            "avatar_url": "https://avatars.githubusercontent.com/u/236739863?v=4",
            "gravatar_id": "",
            "url": "https://api.github.com/users/neo-noclick",
            "html_url": "https://github.com/neo-noclick",
            "followers_url": "https://api.github.com/users/neo-noclick/followers",
            "following_url": "https://api.github.com/users/neo-noclick/following{/other_user}",
            "gists_url": "https://api.github.com/users/neo-noclick/gists{/gist_id}",
            "starred_url": "https://api.github.com/users/neo-noclick/starred{/owner}{/repo}",
            "subscriptions_url": "https://api.github.com/users/neo-noclick/subscriptions",
            "organizations_url": "https://api.github.com/users/neo-noclick/orgs",
            "repos_url": "https://api.github.com/users/neo-noclick/repos",
            "events_url": "https://api.github.com/users/neo-noclick/events{/privacy}",
            "received_events_url": "https://api.github.com/users/neo-noclick/received_events",
            "type": "User",
            "user_view_type": "public",
            "site_admin": false
        },
        "labels": [
            
        ],
        "state": "open",
        "locked": false,
        "assignees": [
            
        ],
        "milestone": null,
        "comments": 0,
        "created_at": "2026-06-26T09:17:44Z",
        "updated_at": "2026-06-26T09:17:44Z",
        "closed_at": null,
        "assignee": null,
        "author_association": "NONE",
        "active_lock_reason": null,
        "sub_issues_summary": {
            "total": 0,
            "completed": 0,
            "percent_completed": 0
        },
        "issue_dependencies_summary": {
            "blocked_by": 0,
            "total_blocked_by": 0,
            "blocking": 0,
            "total_blocking": 0
        },
        "body": "This is a test issue created by automated tests.",
        "closed_by": null,
        "reactions": {
            "url": "https://api.github.com/repos/octocat/Hello-World/issues/10185/reactions",
            "total_count": 0,
            "+1": 0,
            "-1": 0,
            "laugh": 0,
            "hooray": 0,
            "confused": 0,
            "heart": 0,
            "rocket": 0,
            "eyes": 0
        },
        "timeline_url": "https://api.github.com/repos/octocat/Hello-World/issues/10185/timeline",
        "performed_via_github_app": null,
        "state_reason": null,
        "pinned_comment": null
    },
    {
        "url": "https://api.github.com/repos/octocat/Hello-World/issues/10184",
        "repository_url": "https://api.github.com/repos/octocat/Hello-World",
        "labels_url": "https://api.github.com/repos/octocat/Hello-World/issues/10184/labels{/name}",
        "comments_url": "https://api.github.com/repos/octocat/Hello-World/issues/10184/comments",
        "events_url": "https://api.github.com/repos/octocat/Hello-World/issues/10184/events",
        "html_url": "https://github.com/octocat/Hello-World/issues/10184",
        "id": 4750477433,
        "node_id": "I_kwDOABPHjc8AAAABGyaIeQ",
        "number": 10184,
        "title": "Test Issue 1782462073",
        "user": {
            "login": "neo-noclick",
            "id": 236739863,
            "node_id": "U_kgDODhxdFw",
            "avatar_url": "https://avatars.githubusercontent.com/u/236739863?v=4",
            "gravatar_id": "",
            "url": "https://api.github.com/users/neo-noclick",
            "html_url": "https://github.com/neo-noclick",
            "followers_url": "https://api.github.com/users/neo-noclick/followers",
            "following_url": "https://api.github.com/users/neo-noclick/following{/other_user}",
            "gists_url": "https://api.github.com/users/neo-noclick/gists{/gist_id}",
            "starred_url": "https://api.github.com/users/neo-noclick/starred{/owner}{/repo}",
            "subscriptions_url": "https://api.github.com/users/neo-noclick/subscriptions",
            "organizations_url": "https://api.github.com/users/neo-noclick/orgs",
            "repos_url": "https://api.github.com/users/neo-noclick/repos",
            "events_url": "https://api.github.com/users/neo-noclick/events{/privacy}",
            "received_events_url": "https://api.github.com/users/neo-noclick/received_events",
            "type": "User",
            "user_view_type": "public",
            "site_admin": false
        },
        "labels": [
            
        ],
        "state": "open",
        "locked": false,
        "assignees": [
            
        ],
        "milestone": null,
        "comments": 0,
        "created_at": "2026-06-26T08:21:13Z",
        "updated_at": "2026-06-26T08:21:13Z",
        "closed_at": null,
        "assignee": null,
        "author_association": "NONE",
        "active_lock_reason": null,
        "sub_issues_summary": {
            "total": 0,
            "completed": 0,
            "percent_completed": 0
        },
        "issue_dependencies_summary": {
            "blocked_by": 0,
            "total_blocked_by": 0,
            "blocking": 0,
            "total_blocking": 0
        },
        "body": "This is a test issue created by automated tests.",
        "closed_by": null,
        "reactions": {
            "url": "https://api.github.com/repos/octocat/Hello-World/issues/10184/reactions",
            "total_count": 0,
            "+1": 0,
            "-1": 0,
            "laugh": 0,
            "hooray": 0,
            "confused": 0,
            "heart": 0,
            "rocket": 0,
            "eyes": 0
        },
        "timeline_url": "https://api.github.com/repos/octocat/Hello-World/issues/10184/timeline",
        "performed_via_github_app": null,
        "state_reason": null,
        "pinned_comment": null
    },
    {
        "url": "https://api.github.com/repos/octocat/Hello-World/issues/10183",
        "repository_url": "https://api.github.com/repos/octocat/Hello-World",
        "labels_url": "https://api.github.com/repos/octocat/Hello-World/issues/10183/labels{/name}",
        "comments_url": "https://api.github.com/repos/octocat/Hello-World/issues/10183/comments",
        "events_url": "https://api.github.com/repos/octocat/Hello-World/issues/10183/events",
        "html_url": "https://github.com/octocat/Hello-World/issues/10183",
        "id": 4750233356,
        "node_id": "I_kwDOABPHjc8AAAABGyLPDA",
        "number": 10183,
        "title": "Test Issue 1782459734",
        "user": {
            "login": "neo-noclick",
            "id": 236739863,
            "node_id": "U_kgDODhxdFw",
            "avatar_url": "https://avatars.githubusercontent.com/u/236739863?v=4",
            "gravatar_id": "",
            "url": "https://api.github.com/users/neo-noclick",
            "html_url": "https://github.com/neo-noclick",
            "followers_url": "https://api.github.com/users/neo-noclick/followers",
            "following_url": "https://api.github.com/users/neo-noclick/following{/other_user}",
            "gists_url": "https://api.github.com/users/neo-noclick/gists{/gist_id}",
            "starred_url": "https://api.github.com/users/neo-noclick/starred{/owner}{/repo}",
            "subscriptions_url": "https://api.github.com/users/neo-noclick/subscriptions",
            "organizations_url": "https://api.github.com/users/neo-noclick/orgs",
            "repos_url": "https://api.github.com/users/neo-noclick/repos",
            "events_url": "https://api.github.com/users/neo-noclick/events{/privacy}",
            "received_events_url": "https://api.github.com/users/neo-noclick/received_events",
            "type": "User",
            "user_view_type": "public",
            "site_admin": false
        },
        "labels": [
            
        ],
        "state": "open",
        "locked": false,
        "assignees": [
            
        ],
        "milestone": null,
        "comments": 0,
        "created_at": "2026-06-26T07:42:14Z",
        "updated_at": "2026-06-26T07:42:14Z",
        "closed_at": null,
        "assignee": null,
        "author_association": "NONE",
        "active_lock_reason": null,
        "sub_issues_summary": {
            "total": 0,
            "completed": 0,
            "percent_completed": 0
        },
        "issue_dependencies_summary": {
            "blocked_by": 0,
            "total_blocked_by": 0,
            "blocking": 0,
            "total_blocking": 0
        },
        "body": "This is a test issue created by automated tests.",
        "closed_by": null,
        "reactions": {
            "url": "https://api.github.com/repos/octocat/Hello-World/issues/10183/reactions",
            "total_count": 0,
            "+1": 0,
            "-1": 0,
            "laugh": 0,
            "hooray": 0,
            "confused": 0,
            "heart": 0,
            "rocket": 0,
            "eyes": 0
        },
        "timeline_url": "https://api.github.com/repos/octocat/Hello-World/issues/10183/timeline",
        "performed_via_github_app": null,
        "state_reason": null,
        "pinned_comment": null
    },
    {
        "url": "https://api.github.com/repos/octocat/Hello-World/issues/10182",
        "repository_url": "https://api.github.com/repos/octocat/Hello-World",
        "labels_url": "https://api.github.com/repos/octocat/Hello-World/issues/10182/labels{/name}",
        "comments_url": "https://api.github.com/repos/octocat/Hello-World/issues/10182/comments",
        "events_url": "https://api.github.com/repos/octocat/Hello-World/issues/10182/events",
        "html_url": "https://github.com/octocat/Hello-World/issues/10182",
        "id": 4749852788,
        "node_id": "I_kwDOABPHjc8AAAABGx0AdA",
        "number": 10182,
        "title": "Test Issue 1782455918",
        "user": {
            "login": "neo-noclick",
            "id": 236739863,
            "node_id": "U_kgDODhxdFw",
            "avatar_url": "https://avatars.githubusercontent.com/u/236739863?v=4",
            "gravatar_id": "",
            "url": "https://api.github.com/users/neo-noclick",
            "html_url": "https://github.com/neo-noclick",
            "followers_url": "https://api.github.com/users/neo-noclick/followers",
            "following_url": "https://api.github.com/users/neo-noclick/following{/other_user}",
            "gists_url": "https://api.github.com/users/neo-noclick/gists{/gist_id}",
            "starred_url": "https://api.github.com/users/neo-noclick/starred{/owner}{/repo}",
            "subscriptions_url": "https://api.github.com/users/neo-noclick/subscriptions",
            "organizations_url": "https://api.github.com/users/neo-noclick/orgs",
            "repos_url": "https://api.github.com/users/neo-noclick/repos",
            "events_url": "https://api.github.com/users/neo-noclick/events{/privacy}",
            "received_events_url": "https://api.github.com/users/neo-noclick/received_events",
            "type": "User",
            "user_view_type": "public",
            "site_admin": false
        },
        "labels": [
            
        ],
        "state": "open",
        "locked": false,
        "assignees": [
            
        ],
        "milestone": null,
        "comments": 0,
        "created_at": "2026-06-26T06:38:39Z",
        "updated_at": "2026-06-26T06:38:39Z",
        "closed_at": null,
        "assignee": null,
        "author_association": "NONE",
        "active_lock_reason": null,
        "sub_issues_summary": {
            "total": 0,
            "completed": 0,
            "percent_completed": 0
        },
        "issue_dependencies_summary": {
            "blocked_by": 0,
            "total_blocked_by": 0,
            "blocking": 0,
            "total_blocking": 0
        },
        "body": "This is a test issue created by automated tests.",
        "closed_by": null,
        "reactions": {
            "url": "https://api.github.com/repos/octocat/Hello-World/issues/10182/reactions",
            "total_count": 0,
            "+1": 0,
            "-1": 0,
            "laugh": 0,
            "hooray": 0,
            "confused": 0,
            "heart": 0,
            "rocket": 0,
            "eyes": 0
        },
        "timeline_url": "https://api.github.com/repos/octocat/Hello-World/issues/10182/timeline",
        "performed_via_github_app": null,
        "state_reason": null,
        "pinned_comment": null
    },
    {
        "url": "https://api.github.com/repos/octocat/Hello-World/issues/10181",
        "repository_url": "https://api.github.com/repos/octocat/Hello-World",
        "labels_url": "https://api.github.com/repos/octocat/Hello-World/issues/10181/labels{/name}",
        "comments_url": "https://api.github.com/repos/octocat/Hello-World/issues/10181/comments",
        "events_url": "https://api.github.com/repos/octocat/Hello-World/issues/10181/events",
        "html_url": "https://github.com/octocat/Hello-World/issues/10181",
        "id": 4749277582,
        "node_id": "I_kwDOABPHjc8AAAABGxQ5jg",
        "number": 10181,
        "title": "Test Issue 1782448559",
        "user": {
            "login": "neo-noclick",
            "id": 236739863,
            "node_id": "U_kgDODhxdFw",
            "avatar_url": "https://avatars.githubusercontent.com/u/236739863?v=4",
            "gravatar_id": "",
            "url": "https://api.github.com/users/neo-noclick",
            "html_url": "https://github.com/neo-noclick",
            "followers_url": "https://api.github.com/users/neo-noclick/followers",
            "following_url": "https://api.github.com/users/neo-noclick/following{/other_user}",
            "gists_url": "https://api.github.com/users/neo-noclick/gists{/gist_id}",
            "starred_url": "https://api.github.com/users/neo-noclick/starred{/owner}{/repo}",
            "subscriptions_url": "https://api.github.com/users/neo-noclick/subscriptions",
            "organizations_url": "https://api.github.com/users/neo-noclick/orgs",
            "repos_url": "https://api.github.com/users/neo-noclick/repos",
            "events_url": "https://api.github.com/users/neo-noclick/events{/privacy}",
            "received_events_url": "https://api.github.com/users/neo-noclick/received_events",
            "type": "User",
            "user_view_type": "public",
            "site_admin": false
        },
        "labels": [
            
        ],
        "state": "open",
        "locked": false,
        "assignees": [
            
        ],
        "milestone": null,
        "comments": 0,
        "created_at": "2026-06-26T04:35:59Z",
        "updated_at": "2026-06-26T04:35:59Z",
        "closed_at": null,
        "assignee": null,
        "author_association": "NONE",
        "active_lock_reason": null,
        "sub_issues_summary": {
            "total": 0,
            "completed": 0,
            "percent_completed": 0
        },
        "issue_dependencies_summary": {
            "blocked_by": 0,
            "total_blocked_by": 0,
            "blocking": 0,
            "total_blocking": 0
        },
        "body": "This is a test issue created by automated tests.",
        "closed_by": null,
        "reactions": {
            "url": "https://api.github.com/repos/octocat/Hello-World/issues/10181/reactions",
            "total_count": 0,
            "+1": 0,
            "-1": 0,
            "laugh": 0,
            "hooray": 0,
            "confused": 0,
            "heart": 0,
            "rocket": 0,
            "eyes": 0
        },
        "timeline_url": "https://api.github.com/repos/octocat/Hello-World/issues/10181/timeline",
        "performed_via_github_app": null,
        "state_reason": null,
        "pinned_comment": null
    },
    {
        "url": "https://api.github.com/repos/octocat/Hello-World/issues/10180",
        "repository_url": "https://api.github.com/repos/octocat/Hello-World",
        "labels_url": "https://api.github.com/repos/octocat/Hello-World/issues/10180/labels{/name}",
        "comments_url": "https://api.github.com/repos/octocat/Hello-World/issues/10180/comments",
        "events_url": "https://api.github.com/repos/octocat/Hello-World/issues/10180/events",
        "html_url": "https://github.com/octocat/Hello-World/pull/10180",
        "id": 4747992965,
        "node_id": "PR_kwDOABPHjc7qxdVx",
        "number": 10180,
        "title": "Add student_name.txt - Kseniia Mahalias",
        "user": {
            "login": "ksusy",
            "id": 128614132,
            "node_id": "U_kgDOB6p-9A",
            "avatar_url": "https://avatars.githubusercontent.com/u/128614132?v=4",
            "gravatar_id": "",
            "url": "https://api.github.com/users/ksusy",
            "html_url": "https://github.com/ksusy",
            "followers_url": "https://api.github.com/users/ksusy/followers",
            "following_url": "https://api.github.com/users/ksusy/following{/other_user}",
            "gists_url": "https://api.github.com/users/ksusy/gists{/gist_id}",
            "starred_url": "https://api.github.com/users/ksusy/starred{/owner}{/repo}",
            "subscriptions_url": "https://api.github.com/users/ksusy/subscriptions",
            "organizations_url": "https://api.github.com/users/ksusy/orgs",
            "repos_url": "https://api.github.com/users/ksusy/repos",
            "events_url": "https://api.github.com/users/ksusy/events{/privacy}",
            "received_events_url": "https://api.github.com/users/ksusy/received_events",
            "type": "User",
            "user_view_type": "public",
            "site_admin": false
        },
        "labels": [
            
        ],
        "state": "open",
        "locked": false,
        "assignees": [
            
        ],
        "milestone": null,
        "comments": 0,
        "created_at": "2026-06-25T23:01:47Z",
        "updated_at": "2026-06-25T23:02:41Z",
        "closed_at": null,
        "assignee": null,
        "author_association": "NONE",
        "active_lock_reason": null,
        "draft": false,
        "pull_request": {
            "url": "https://api.github.com/repos/octocat/Hello-World/pulls/10180",
            "html_url": "https://github.com/octocat/Hello-World/pull/10180",
            "diff_url": "https://github.com/octocat/Hello-World/pull/10180.diff",
            "patch_url": "https://github.com/octocat/Hello-World/pull/10180.patch",
            "merged_at": null
        },
        "body": "?????? ???? student.txt @octocat ",
        "closed_by": null,
        "reactions": {
            "url": "https://api.github.com/repos/octocat/Hello-World/issues/10180/reactions",
            "total_count": 0,
            "+1": 0,
            "-1": 0,
            "laugh": 0,
            "hooray": 0,
            "confused": 0,
            "heart": 0,
            "rocket": 0,
            "eyes": 0
        },
        "timeline_url": "https://api.github.com/repos/octocat/Hello-World/issues/10180/timeline",
        "performed_via_github_app": null,
        "state_reason": null
    },
    {
        "url": "https://api.github.com/repos/octocat/Hello-World/issues/10179",
        "repository_url": "https://api.github.com/repos/octocat/Hello-World",
        "labels_url": "https://api.github.com/repos/octocat/Hello-World/issues/10179/labels{/name}",
        "comments_url": "https://api.github.com/repos/octocat/Hello-World/issues/10179/comments",
        "events_url": "https://api.github.com/repos/octocat/Hello-World/issues/10179/events",
        "html_url": "https://github.com/octocat/Hello-World/pull/10179",
        "id": 4746773749,
        "node_id": "PR_kwDOABPHjc7qtadZ",
        "number": 10179,
        "title": "this is first commit",
        "user": {
            "login": "Janitha-Jayasinghe",
            "id": 207218328,
            "node_id": "U_kgDODFnmmA",
            "avatar_url": "https://avatars.githubusercontent.com/u/207218328?v=4",
            "gravatar_id": "",
            "url": "https://api.github.com/users/Janitha-Jayasinghe",
            "html_url": "https://github.com/Janitha-Jayasinghe",
            "followers_url": "https://api.github.com/users/Janitha-Jayasinghe/followers",
            "following_url": "https://api.github.com/users/Janitha-Jayasinghe/following{/other_user}",
            "gists_url": "https://api.github.com/users/Janitha-Jayasinghe/gists{/gist_id}",
            "starred_url": "https://api.github.com/users/Janitha-Jayasinghe/starred{/owner}{/repo}",
            "subscriptions_url": "https://api.github.com/users/Janitha-Jayasinghe/subscriptions",
            "organizations_url": "https://api.github.com/users/Janitha-Jayasinghe/orgs",
            "repos_url": "https://api.github.com/users/Janitha-Jayasinghe/repos",
            "events_url": "https://api.github.com/users/Janitha-Jayasinghe/events{/privacy}",
            "received_events_url": "https://api.github.com/users/Janitha-Jayasinghe/received_events",
            "type": "User",
            "user_view_type": "public",
            "site_admin": false
        },
        "labels": [
            
        ],
        "state": "open",
        "locked": false,
        "assignees": [
            
        ],
        "milestone": null,
        "comments": 0,
        "created_at": "2026-06-25T19:22:33Z",
        "updated_at": "2026-06-25T19:22:33Z",
        "closed_at": null,
        "assignee": null,
        "author_association": "NONE",
        "active_lock_reason": null,
        "draft": false,
        "pull_request": {
            "url": "https://api.github.com/repos/octocat/Hello-World/pulls/10179",
            "html_url": "https://github.com/octocat/Hello-World/pull/10179",
            "diff_url": "https://github.com/octocat/Hello-World/pull/10179.diff",
            "patch_url": "https://github.com/octocat/Hello-World/pull/10179.patch",
            "merged_at": null
        },
        "body": "i changed this because this is my first push and pull request",
        "closed_by": null,
        "reactions": {
            "url": "https://api.github.com/repos/octocat/Hello-World/issues/10179/reactions",
            "total_count": 0,
            "+1": 0,
            "-1": 0,
            "laugh": 0,
            "hooray": 0,
            "confused": 0,
            "heart": 0,
            "rocket": 0,
            "eyes": 0
        },
        "timeline_url": "https://api.github.com/repos/octocat/Hello-World/issues/10179/timeline",
        "performed_via_github_app": null,
        "state_reason": null
    },
    {
        "url": "https://api.github.com/repos/octocat/Hello-World/issues/10177",
        "repository_url": "https://api.github.com/repos/octocat/Hello-World",
        "labels_url": "https://api.github.com/repos/octocat/Hello-World/issues/10177/labels{/name}",
        "comments_url": "https://api.github.com/repos/octocat/Hello-World/issues/10177/comments",
        "events_url": "https://api.github.com/repos/octocat/Hello-World/issues/10177/events",
        "html_url": "https://github.com/octocat/Hello-World/pull/10177",
        "id": 4744838020,
        "node_id": "PR_kwDOABPHjc7qm9EO",
        "number": 10177,
        "title": "docs: update README for first PR practice",
        "user": {
            "login": "jasper4088",
            "id": 220050347,
            "node_id": "U_kgDODR2zqw",
            "avatar_url": "https://avatars.githubusercontent.com/u/220050347?v=4",
            "gravatar_id": "",
            "url": "https://api.github.com/users/jasper4088",
            "html_url": "https://github.com/jasper4088",
            "followers_url": "https://api.github.com/users/jasper4088/followers",
            "following_url": "https://api.github.com/users/jasper4088/following{/other_user}",
            "gists_url": "https://api.github.com/users/jasper4088/gists{/gist_id}",
            "starred_url": "https://api.github.com/users/jasper4088/starred{/owner}{/repo}",
            "subscriptions_url": "https://api.github.com/users/jasper4088/subscriptions",
            "organizations_url": "https://api.github.com/users/jasper4088/orgs",
            "repos_url": "https://api.github.com/users/jasper4088/repos",
            "events_url": "https://api.github.com/users/jasper4088/events{/privacy}",
            "received_events_url": "https://api.github.com/users/jasper4088/received_events",
            "type": "User",
            "user_view_type": "public",
            "site_admin": false
        },
        "labels": [
            
        ],
        "state": "open",
        "locked": false,
        "assignees": [
            
        ],
        "milestone": null,
        "comments": 0,
        "created_at": "2026-06-25T14:44:29Z",
        "updated_at": "2026-06-25T17:46:16Z",
        "closed_at": null,
        "assignee": null,
        "author_association": "NONE",
        "active_lock_reason": null,
        "draft": false,
        "pull_request": {
            "url": "https://api.github.com/repos/octocat/Hello-World/pulls/10177",
            "html_url": "https://github.com/octocat/Hello-World/pull/10177",
            "diff_url": "https://github.com/octocat/Hello-World/pull/10177.diff",
            "patch_url": "https://github.com/octocat/Hello-World/pull/10177.patch",
            "merged_at": null
        },
        "body": "Practice first pull request workflow.",
        "closed_by": null,
        "reactions": {
            "url": "https://api.github.com/repos/octocat/Hello-World/issues/10177/reactions",
            "total_count": 0,
            "+1": 0,
            "-1": 0,
            "laugh": 0,
            "hooray": 0,
            "confused": 0,
            "heart": 0,
            "rocket": 0,
            "eyes": 0
        },
        "timeline_url": "https://api.github.com/repos/octocat/Hello-World/issues/10177/timeline",
        "performed_via_github_app": null,
        "state_reason": null
    },
    {
        "url": "https://api.github.com/repos/octocat/Hello-World/issues/10176",
        "repository_url": "https://api.github.com/repos/octocat/Hello-World",
        "labels_url": "https://api.github.com/repos/octocat/Hello-World/issues/10176/labels{/name}",
        "comments_url": "https://api.github.com/repos/octocat/Hello-World/issues/10176/comments",
        "events_url": "https://api.github.com/repos/octocat/Hello-World/issues/10176/events",
        "html_url": "https://github.com/octocat/Hello-World/issues/10176",
        "id": 4743391605,
        "node_id": "I_kwDOABPHjc8AAAABGrppdQ",
        "number": 10176,
        "title": "Test Issue 1782387116",
        "user": {
            "login": "neo-noclick",
            "id": 236739863,
            "node_id": "U_kgDODhxdFw",
            "avatar_url": "https://avatars.githubusercontent.com/u/236739863?v=4",
            "gravatar_id": "",
            "url": "https://api.github.com/users/neo-noclick",
            "html_url": "https://github.com/neo-noclick",
            "followers_url": "https://api.github.com/users/neo-noclick/followers",
            "following_url": "https://api.github.com/users/neo-noclick/following{/other_user}",
            "gists_url": "https://api.github.com/users/neo-noclick/gists{/gist_id}",
            "starred_url": "https://api.github.com/users/neo-noclick/starred{/owner}{/repo}",
            "subscriptions_url": "https://api.github.com/users/neo-noclick/subscriptions",
            "organizations_url": "https://api.github.com/users/neo-noclick/orgs",
            "repos_url": "https://api.github.com/users/neo-noclick/repos",
            "events_url": "https://api.github.com/users/neo-noclick/events{/privacy}",
            "received_events_url": "https://api.github.com/users/neo-noclick/received_events",
            "type": "User",
            "user_view_type": "public",
            "site_admin": false
        },
        "labels": [
            
        ],
        "state": "open",
        "locked": false,
        "assignees": [
            
        ],
        "milestone": null,
        "comments": 0,
        "created_at": "2026-06-25T11:31:56Z",
        "updated_at": "2026-06-25T11:31:56Z",
        "closed_at": null,
        "assignee": null,
        "author_association": "NONE",
        "active_lock_reason": null,
        "sub_issues_summary": {
            "total": 0,
            "completed": 0,
            "percent_completed": 0
        },
        "issue_dependencies_summary": {
            "blocked_by": 0,
            "total_blocked_by": 0,
            "blocking": 0,
            "total_blocking": 0
        },
        "body": "This is a test issue created by automated tests.",
        "closed_by": null,
        "reactions": {
            "url": "https://api.github.com/repos/octocat/Hello-World/issues/10176/reactions",
            "total_count": 0,
            "+1": 0,
            "-1": 0,
            "laugh": 0,
            "hooray": 0,
            "confused": 0,
            "heart": 0,
            "rocket": 0,
            "eyes": 0
        },
        "timeline_url": "https://api.github.com/repos/octocat/Hello-World/issues/10176/timeline",
        "performed_via_github_app": null,
        "state_reason": null,
        "pinned_comment": null
    },
    {
        "url": "https://api.github.com/repos/octocat/Hello-World/issues/10175",
        "repository_url": "https://api.github.com/repos/octocat/Hello-World",
        "labels_url": "https://api.github.com/repos/octocat/Hello-World/issues/10175/labels{/name}",
        "comments_url": "https://api.github.com/repos/octocat/Hello-World/issues/10175/comments",
        "events_url": "https://api.github.com/repos/octocat/Hello-World/issues/10175/events",
        "html_url": "https://github.com/octocat/Hello-World/issues/10175",
        "id": 4743177363,
        "node_id": "I_kwDOABPHjc8AAAABGrckkw",
        "number": 10175,
        "title": "Test Issue 1782385163",
        "user": {
            "login": "neo-noclick",
            "id": 236739863,
            "node_id": "U_kgDODhxdFw",
            "avatar_url": "https://avatars.githubusercontent.com/u/236739863?v=4",
            "gravatar_id": "",
            "url": "https://api.github.com/users/neo-noclick",
            "html_url": "https://github.com/neo-noclick",
            "followers_url": "https://api.github.com/users/neo-noclick/followers",
            "following_url": "https://api.github.com/users/neo-noclick/following{/other_user}",
            "gists_url": "https://api.github.com/users/neo-noclick/gists{/gist_id}",
            "starred_url": "https://api.github.com/users/neo-noclick/starred{/owner}{/repo}",
            "subscriptions_url": "https://api.github.com/users/neo-noclick/subscriptions",
            "organizations_url": "https://api.github.com/users/neo-noclick/orgs",
            "repos_url": "https://api.github.com/users/neo-noclick/repos",
            "events_url": "https://api.github.com/users/neo-noclick/events{/privacy}",
            "received_events_url": "https://api.github.com/users/neo-noclick/received_events",
            "type": "User",
            "user_view_type": "public",
            "site_admin": false
        },
        "labels": [
            
        ],
        "state": "open",
        "locked": false,
        "assignees": [
            
        ],
        "milestone": null,
        "comments": 0,
        "created_at": "2026-06-25T10:59:23Z",
        "updated_at": "2026-06-25T10:59:23Z",
        "closed_at": null,
        "assignee": null,
        "author_association": "NONE",
        "active_lock_reason": null,
        "sub_issues_summary": {
            "total": 0,
            "completed": 0,
            "percent_completed": 0
        },
        "issue_dependencies_summary": {
            "blocked_by": 0,
            "total_blocked_by": 0,
            "blocking": 0,
            "total_blocking": 0
        },
        "body": "This is a test issue created by automated tests.",
        "closed_by": null,
        "reactions": {
            "url": "https://api.github.com/repos/octocat/Hello-World/issues/10175/reactions",
            "total_count": 0,
            "+1": 0,
            "-1": 0,
            "laugh": 0,
            "hooray": 0,
            "confused": 0,
            "heart": 0,
            "rocket": 0,
            "eyes": 0
        },
        "timeline_url": "https://api.github.com/repos/octocat/Hello-World/issues/10175/timeline",
        "performed_via_github_app": null,
        "state_reason": null,
        "pinned_comment": null
    },
    {
        "url": "https://api.github.com/repos/octocat/Hello-World/issues/10174",
        "repository_url": "https://api.github.com/repos/octocat/Hello-World",
        "labels_url": "https://api.github.com/repos/octocat/Hello-World/issues/10174/labels{/name}",
        "comments_url": "https://api.github.com/repos/octocat/Hello-World/issues/10174/comments",
        "events_url": "https://api.github.com/repos/octocat/Hello-World/issues/10174/events",
        "html_url": "https://github.com/octocat/Hello-World/issues/10174",
        "id": 4743130363,
        "node_id": "I_kwDOABPHjc8AAAABGrZs-w",
        "number": 10174,
        "title": "Test Issue 1782384771",
        "user": {
            "login": "neo-noclick",
            "id": 236739863,
            "node_id": "U_kgDODhxdFw",
            "avatar_url": "https://avatars.githubusercontent.com/u/236739863?v=4",
            "gravatar_id": "",
            "url": "https://api.github.com/users/neo-noclick",
            "html_url": "https://github.com/neo-noclick",
            "followers_url": "https://api.github.com/users/neo-noclick/followers",
            "following_url": "https://api.github.com/users/neo-noclick/following{/other_user}",
            "gists_url": "https://api.github.com/users/neo-noclick/gists{/gist_id}",
            "starred_url": "https://api.github.com/users/neo-noclick/starred{/owner}{/repo}",
            "subscriptions_url": "https://api.github.com/users/neo-noclick/subscriptions",
            "organizations_url": "https://api.github.com/users/neo-noclick/orgs",
            "repos_url": "https://api.github.com/users/neo-noclick/repos",
            "events_url": "https://api.github.com/users/neo-noclick/events{/privacy}",
            "received_events_url": "https://api.github.com/users/neo-noclick/received_events",
            "type": "User",
            "user_view_type": "public",
            "site_admin": false
        },
        "labels": [
            
        ],
        "state": "open",
        "locked": false,
        "assignees": [
            
        ],
        "milestone": null,
        "comments": 0,
        "created_at": "2026-06-25T10:52:52Z",
        "updated_at": "2026-06-25T10:52:52Z",
        "closed_at": null,
        "assignee": null,
        "author_association": "NONE",
        "active_lock_reason": null,
        "sub_issues_summary": {
            "total": 0,
            "completed": 0,
            "percent_completed": 0
        },
        "issue_dependencies_summary": {
            "blocked_by": 0,
            "total_blocked_by": 0,
            "blocking": 0,
            "total_blocking": 0
        },
        "body": "This is a test issue created by automated tests.",
        "closed_by": null,
        "reactions": {
            "url": "https://api.github.com/repos/octocat/Hello-World/issues/10174/reactions",
            "total_count": 0,
            "+1": 0,
            "-1": 0,
            "laugh": 0,
            "hooray": 0,
            "confused": 0,
            "heart": 0,
            "rocket": 0,
            "eyes": 0
        },
        "timeline_url": "https://api.github.com/repos/octocat/Hello-World/issues/10174/timeline",
        "performed_via_github_app": null,
        "state_reason": null,
        "pinned_comment": null
    },
    {
        "url": "https://api.github.com/repos/octocat/Hello-World/issues/10173",
        "repository_url": "https://api.github.com/repos/octocat/Hello-World",
        "labels_url": "https://api.github.com/repos/octocat/Hello-World/issues/10173/labels{/name}",
        "comments_url": "https://api.github.com/repos/octocat/Hello-World/issues/10173/comments",
        "events_url": "https://api.github.com/repos/octocat/Hello-World/issues/10173/events",
        "html_url": "https://github.com/octocat/Hello-World/issues/10173",
        "id": 4743076278,
        "node_id": "I_kwDOABPHjc8AAAABGrWZtg",
        "number": 10173,
        "title": "Test Issue 1782384356",
        "user": {
            "login": "neo-noclick",
            "id": 236739863,
            "node_id": "U_kgDODhxdFw",
            "avatar_url": "https://avatars.githubusercontent.com/u/236739863?v=4",
            "gravatar_id": "",
            "url": "https://api.github.com/users/neo-noclick",
            "html_url": "https://github.com/neo-noclick",
            "followers_url": "https://api.github.com/users/neo-noclick/followers",
            "following_url": "https://api.github.com/users/neo-noclick/following{/other_user}",
            "gists_url": "https://api.github.com/users/neo-noclick/gists{/gist_id}",
[...]
        "ssh_url": "git@github.com:octocat/linguist.git",
        "clone_url": "https://github.com/octocat/linguist.git",
        "svn_url": "https://github.com/octocat/linguist",
        "homepage": "",
        "size": 32899,
        "stargazers_count": 726,
        "watchers_count": 726,
        "language": "Ruby",
        "has_issues": false,
        "has_projects": true,
        "has_downloads": true,
        "has_wiki": false,
        "has_pages": false,
        "has_discussions": false,
        "forks_count": 273,
        "mirror_url": null,
        "archived": false,
        "disabled": false,
        "open_issues_count": 24,
        "license": {
            "key": "mit",
            "name": "MIT License",
            "spdx_id": "MIT",
            "url": "https://api.github.com/licenses/mit",
            "node_id": "MDc6TGljZW5zZTEz"
        },
        "allow_forking": true,
        "is_template": false,
        "web_commit_signoff_required": false,
        "has_pull_requests": true,
        "pull_request_creation_policy": "all",
        "topics": [
            
        ],
        "visibility": "public",
        "forks": 273,
        "open_issues": 24,
        "watchers": 726,
        "default_branch": "master"
    },
    {
        "id": 17881631,
        "node_id": "MDEwOlJlcG9zaXRvcnkxNzg4MTYzMQ==",
        "name": "octocat.github.io",
        "full_name": "octocat/octocat.github.io",
        "private": false,
        "owner": {
            "login": "octocat",
            "id": 583231,
            "node_id": "MDQ6VXNlcjU4MzIzMQ==",
            "avatar_url": "https://avatars.githubusercontent.com/u/583231?v=4",
            "gravatar_id": "",
            "url": "https://api.github.com/users/octocat",
            "html_url": "https://github.com/octocat",
            "followers_url": "https://api.github.com/users/octocat/followers",
            "following_url": "https://api.github.com/users/octocat/following{/other_user}",
            "gists_url": "https://api.github.com/users/octocat/gists{/gist_id}",
            "starred_url": "https://api.github.com/users/octocat/starred{/owner}{/repo}",
            "subscriptions_url": "https://api.github.com/users/octocat/subscriptions",
            "organizations_url": "https://api.github.com/users/octocat/orgs",
            "repos_url": "https://api.github.com/users/octocat/repos",
            "events_url": "https://api.github.com/users/octocat/events{/privacy}",
            "received_events_url": "https://api.github.com/users/octocat/received_events",
            "type": "User",
            "user_view_type": "public",
            "site_admin": false
        },
        "html_url": "https://github.com/octocat/octocat.github.io",
        "description": null,
        "fork": false,
        "url": "https://api.github.com/repos/octocat/octocat.github.io",
        "forks_url": "https://api.github.com/repos/octocat/octocat.github.io/forks",
        "keys_url": "https://api.github.com/repos/octocat/octocat.github.io/keys{/key_id}",
        "collaborators_url": "https://api.github.com/repos/octocat/octocat.github.io/collaborators{/collaborator}",
        "teams_url": "https://api.github.com/repos/octocat/octocat.github.io/teams",
        "hooks_url": "https://api.github.com/repos/octocat/octocat.github.io/hooks",
        "issue_events_url": "https://api.github.com/repos/octocat/octocat.github.io/issues/events{/number}",
        "events_url": "https://api.github.com/repos/octocat/octocat.github.io/events",
        "assignees_url": "https://api.github.com/repos/octocat/octocat.github.io/assignees{/user}",
        "branches_url": "https://api.github.com/repos/octocat/octocat.github.io/branches{/branch}",
        "tags_url": "https://api.github.com/repos/octocat/octocat.github.io/tags",
        "blobs_url": "https://api.github.com/repos/octocat/octocat.github.io/git/blobs{/sha}",
        "git_tags_url": "https://api.github.com/repos/octocat/octocat.github.io/git/tags{/sha}",
        "git_refs_url": "https://api.github.com/repos/octocat/octocat.github.io/git/refs{/sha}",
        "trees_url": "https://api.github.com/repos/octocat/octocat.github.io/git/trees{/sha}",
        "statuses_url": "https://api.github.com/repos/octocat/octocat.github.io/statuses/{sha}",
        "languages_url": "https://api.github.com/repos/octocat/octocat.github.io/languages",
        "stargazers_url": "https://api.github.com/repos/octocat/octocat.github.io/stargazers",
        "contributors_url": "https://api.github.com/repos/octocat/octocat.github.io/contributors",
        "subscribers_url": "https://api.github.com/repos/octocat/octocat.github.io/subscribers",
        "subscription_url": "https://api.github.com/repos/octocat/octocat.github.io/subscription",
        "commits_url": "https://api.github.com/repos/octocat/octocat.github.io/commits{/sha}",
        "git_commits_url": "https://api.github.com/repos/octocat/octocat.github.io/git/commits{/sha}",
        "comments_url": "https://api.github.com/repos/octocat/octocat.github.io/comments{/number}",
        "issue_comment_url": "https://api.github.com/repos/octocat/octocat.github.io/issues/comments{/number}",
        "contents_url": "https://api.github.com/repos/octocat/octocat.github.io/contents/{+path}",
        "compare_url": "https://api.github.com/repos/octocat/octocat.github.io/compare/{base}...{head}",
        "merges_url": "https://api.github.com/repos/octocat/octocat.github.io/merges",
        "archive_url": "https://api.github.com/repos/octocat/octocat.github.io/{archive_format}{/ref}",
        "downloads_url": "https://api.github.com/repos/octocat/octocat.github.io/downloads",
        "issues_url": "https://api.github.com/repos/octocat/octocat.github.io/issues{/number}",
        "pulls_url": "https://api.github.com/repos/octocat/octocat.github.io/pulls{/number}",
        "milestones_url": "https://api.github.com/repos/octocat/octocat.github.io/milestones{/number}",
        "notifications_url": "https://api.github.com/repos/octocat/octocat.github.io/notifications{?since,all,participating}",
        "labels_url": "https://api.github.com/repos/octocat/octocat.github.io/labels{/name}",
        "releases_url": "https://api.github.com/repos/octocat/octocat.github.io/releases{/id}",
        "deployments_url": "https://api.github.com/repos/octocat/octocat.github.io/deployments",
        "created_at": "2014-03-18T20:54:39Z",
        "updated_at": "2026-06-25T23:40:09Z",
        "pushed_at": "2024-08-11T11:57:01Z",
        "git_url": "git://github.com/octocat/octocat.github.io.git",
        "ssh_url": "git@github.com:octocat/octocat.github.io.git",
        "clone_url": "https://github.com/octocat/octocat.github.io.git",
        "svn_url": "https://github.com/octocat/octocat.github.io",
        "homepage": null,
        "size": 335,
        "stargazers_count": 1118,
        "watchers_count": 1118,
        "language": "CSS",
        "has_issues": true,
        "has_projects": true,
        "has_downloads": true,
        "has_wiki": true,
        "has_pages": true,
        "has_discussions": false,
        "forks_count": 553,
        "mirror_url": null,
        "archived": false,
        "disabled": false,
        "open_issues_count": 265,
        "license": null,
        "allow_forking": true,
        "is_template": false,
        "web_commit_signoff_required": false,
        "has_pull_requests": true,
        "pull_request_creation_policy": "all",
        "topics": [
            
        ],
        "visibility": "public",
        "forks": 553,
        "open_issues": 265,
        "watchers": 1118,
        "default_branch": "master"
    },
    {
        "id": 1300192,
        "node_id": "MDEwOlJlcG9zaXRvcnkxMzAwMTky",
        "name": "Spoon-Knife",
        "full_name": "octocat/Spoon-Knife",
        "private": false,
        "owner": {
            "login": "octocat",
            "id": 583231,
            "node_id": "MDQ6VXNlcjU4MzIzMQ==",
            "avatar_url": "https://avatars.githubusercontent.com/u/583231?v=4",
            "gravatar_id": "",
            "url": "https://api.github.com/users/octocat",
            "html_url": "https://github.com/octocat",
            "followers_url": "https://api.github.com/users/octocat/followers",
            "following_url": "https://api.github.com/users/octocat/following{/other_user}",
            "gists_url": "https://api.github.com/users/octocat/gists{/gist_id}",
            "starred_url": "https://api.github.com/users/octocat/starred{/owner}{/repo}",
            "subscriptions_url": "https://api.github.com/users/octocat/subscriptions",
            "organizations_url": "https://api.github.com/users/octocat/orgs",
            "repos_url": "https://api.github.com/users/octocat/repos",
            "events_url": "https://api.github.com/users/octocat/events{/privacy}",
            "received_events_url": "https://api.github.com/users/octocat/received_events",
            "type": "User",
            "user_view_type": "public",
            "site_admin": false
        },
        "html_url": "https://github.com/octocat/Spoon-Knife",
        "description": "This repo is for demonstration purposes only.",
        "fork": false,
        "url": "https://api.github.com/repos/octocat/Spoon-Knife",
        "forks_url": "https://api.github.com/repos/octocat/Spoon-Knife/forks",
        "keys_url": "https://api.github.com/repos/octocat/Spoon-Knife/keys{/key_id}",
        "collaborators_url": "https://api.github.com/repos/octocat/Spoon-Knife/collaborators{/collaborator}",
        "teams_url": "https://api.github.com/repos/octocat/Spoon-Knife/teams",
        "hooks_url": "https://api.github.com/repos/octocat/Spoon-Knife/hooks",
        "issue_events_url": "https://api.github.com/repos/octocat/Spoon-Knife/issues/events{/number}",
        "events_url": "https://api.github.com/repos/octocat/Spoon-Knife/events",
        "assignees_url": "https://api.github.com/repos/octocat/Spoon-Knife/assignees{/user}",
        "branches_url": "https://api.github.com/repos/octocat/Spoon-Knife/branches{/branch}",
        "tags_url": "https://api.github.com/repos/octocat/Spoon-Knife/tags",
        "blobs_url": "https://api.github.com/repos/octocat/Spoon-Knife/git/blobs{/sha}",
        "git_tags_url": "https://api.github.com/repos/octocat/Spoon-Knife/git/tags{/sha}",
        "git_refs_url": "https://api.github.com/repos/octocat/Spoon-Knife/git/refs{/sha}",
        "trees_url": "https://api.github.com/repos/octocat/Spoon-Knife/git/trees{/sha}",
        "statuses_url": "https://api.github.com/repos/octocat/Spoon-Knife/statuses/{sha}",
        "languages_url": "https://api.github.com/repos/octocat/Spoon-Knife/languages",
        "stargazers_url": "https://api.github.com/repos/octocat/Spoon-Knife/stargazers",
        "contributors_url": "https://api.github.com/repos/octocat/Spoon-Knife/contributors",
        "subscribers_url": "https://api.github.com/repos/octocat/Spoon-Knife/subscribers",
        "subscription_url": "https://api.github.com/repos/octocat/Spoon-Knife/subscription",
        "commits_url": "https://api.github.com/repos/octocat/Spoon-Knife/commits{/sha}",
        "git_commits_url": "https://api.github.com/repos/octocat/Spoon-Knife/git/commits{/sha}",
        "comments_url": "https://api.github.com/repos/octocat/Spoon-Knife/comments{/number}",
        "issue_comment_url": "https://api.github.com/repos/octocat/Spoon-Knife/issues/comments{/number}",
        "contents_url": "https://api.github.com/repos/octocat/Spoon-Knife/contents/{+path}",
        "compare_url": "https://api.github.com/repos/octocat/Spoon-Knife/compare/{base}...{head}",
        "merges_url": "https://api.github.com/repos/octocat/Spoon-Knife/merges",
        "archive_url": "https://api.github.com/repos/octocat/Spoon-Knife/{archive_format}{/ref}",
        "downloads_url": "https://api.github.com/repos/octocat/Spoon-Knife/downloads",
        "issues_url": "https://api.github.com/repos/octocat/Spoon-Knife/issues{/number}",
        "pulls_url": "https://api.github.com/repos/octocat/Spoon-Knife/pulls{/number}",
        "milestones_url": "https://api.github.com/repos/octocat/Spoon-Knife/milestones{/number}",
        "notifications_url": "https://api.github.com/repos/octocat/Spoon-Knife/notifications{?since,all,participating}",
        "labels_url": "https://api.github.com/repos/octocat/Spoon-Knife/labels{/name}",
        "releases_url": "https://api.github.com/repos/octocat/Spoon-Knife/releases{/id}",
        "deployments_url": "https://api.github.com/repos/octocat/Spoon-Knife/deployments",
        "created_at": "2011-01-27T19:30:43Z",
        "updated_at": "2026-06-26T11:23:15Z",
        "pushed_at": "2024-08-21T15:25:42Z",
        "git_url": "git://github.com/octocat/Spoon-Knife.git",
        "ssh_url": "git@github.com:octocat/Spoon-Knife.git",
        "clone_url": "https://github.com/octocat/Spoon-Knife.git",
        "svn_url": "https://github.com/octocat/Spoon-Knife",
        "homepage": "",
        "size": 2,
        "stargazers_count": 13858,
        "watchers_count": 13858,
        "language": "HTML",
        "has_issues": true,
        "has_projects": true,
        "has_downloads": true,
        "has_wiki": true,
        "has_pages": false,
        "has_discussions": false,
        "forks_count": 157742,
        "mirror_url": null,
        "archived": false,
        "disabled": false,
        "open_issues_count": 20679,
        "license": null,
        "allow_forking": true,
        "is_template": false,
        "web_commit_signoff_required": false,
        "has_pull_requests": true,
        "pull_request_creation_policy": "all",
        "topics": [
            
        ],
        "visibility": "public",
        "forks": 157742,
        "open_issues": 20679,
        "watchers": 13858,
        "default_branch": "main"
    },
    {
        "id": 56271164,
        "node_id": "MDEwOlJlcG9zaXRvcnk1NjI3MTE2NA==",
        "name": "test-repo1",
        "full_name": "octocat/test-repo1",
        "private": false,
        "owner": {
            "login": "octocat",
            "id": 583231,
            "node_id": "MDQ6VXNlcjU4MzIzMQ==",
            "avatar_url": "https://avatars.githubusercontent.com/u/583231?v=4",
            "gravatar_id": "",
            "url": "https://api.github.com/users/octocat",
            "html_url": "https://github.com/octocat",
            "followers_url": "https://api.github.com/users/octocat/followers",
            "following_url": "https://api.github.com/users/octocat/following{/other_user}",
            "gists_url": "https://api.github.com/users/octocat/gists{/gist_id}",
            "starred_url": "https://api.github.com/users/octocat/starred{/owner}{/repo}",
            "subscriptions_url": "https://api.github.com/users/octocat/subscriptions",
            "organizations_url": "https://api.github.com/users/octocat/orgs",
            "repos_url": "https://api.github.com/users/octocat/repos",
            "events_url": "https://api.github.com/users/octocat/events{/privacy}",
            "received_events_url": "https://api.github.com/users/octocat/received_events",
            "type": "User",
            "user_view_type": "public",
            "site_admin": false
        },
        "html_url": "https://github.com/octocat/test-repo1",
        "description": null,
        "fork": false,
        "url": "https://api.github.com/repos/octocat/test-repo1",
        "forks_url": "https://api.github.com/repos/octocat/test-repo1/forks",
        "keys_url": "https://api.github.com/repos/octocat/test-repo1/keys{/key_id}",
        "collaborators_url": "https://api.github.com/repos/octocat/test-repo1/collaborators{/collaborator}",
        "teams_url": "https://api.github.com/repos/octocat/test-repo1/teams",
        "hooks_url": "https://api.github.com/repos/octocat/test-repo1/hooks",
        "issue_events_url": "https://api.github.com/repos/octocat/test-repo1/issues/events{/number}",
        "events_url": "https://api.github.com/repos/octocat/test-repo1/events",
        "assignees_url": "https://api.github.com/repos/octocat/test-repo1/assignees{/user}",
        "branches_url": "https://api.github.com/repos/octocat/test-repo1/branches{/branch}",
        "tags_url": "https://api.github.com/repos/octocat/test-repo1/tags",
        "blobs_url": "https://api.github.com/repos/octocat/test-repo1/git/blobs{/sha}",
        "git_tags_url": "https://api.github.com/repos/octocat/test-repo1/git/tags{/sha}",
        "git_refs_url": "https://api.github.com/repos/octocat/test-repo1/git/refs{/sha}",
        "trees_url": "https://api.github.com/repos/octocat/test-repo1/git/trees{/sha}",
        "statuses_url": "https://api.github.com/repos/octocat/test-repo1/statuses/{sha}",
        "languages_url": "https://api.github.com/repos/octocat/test-repo1/languages",
        "stargazers_url": "https://api.github.com/repos/octocat/test-repo1/stargazers",
        "contributors_url": "https://api.github.com/repos/octocat/test-repo1/contributors",
        "subscribers_url": "https://api.github.com/repos/octocat/test-repo1/subscribers",
        "subscription_url": "https://api.github.com/repos/octocat/test-repo1/subscription",
        "commits_url": "https://api.github.com/repos/octocat/test-repo1/commits{/sha}",
        "git_commits_url": "https://api.github.com/repos/octocat/test-repo1/git/commits{/sha}",
        "comments_url": "https://api.github.com/repos/octocat/test-repo1/comments{/number}",
        "issue_comment_url": "https://api.github.com/repos/octocat/test-repo1/issues/comments{/number}",
        "contents_url": "https://api.github.com/repos/octocat/test-repo1/contents/{+path}",
        "compare_url": "https://api.github.com/repos/octocat/test-repo1/compare/{base}...{head}",
        "merges_url": "https://api.github.com/repos/octocat/test-repo1/merges",
        "archive_url": "https://api.github.com/repos/octocat/test-repo1/{archive_format}{/ref}",
        "downloads_url": "https://api.github.com/repos/octocat/test-repo1/downloads",
        "issues_url": "https://api.github.com/repos/octocat/test-repo1/issues{/number}",
        "pulls_url": "https://api.github.com/repos/octocat/test-repo1/pulls{/number}",
        "milestones_url": "https://api.github.com/repos/octocat/test-repo1/milestones{/number}",
        "notifications_url": "https://api.github.com/repos/octocat/test-repo1/notifications{?since,all,participating}",
        "labels_url": "https://api.github.com/repos/octocat/test-repo1/labels{/name}",
        "releases_url": "https://api.github.com/repos/octocat/test-repo1/releases{/id}",
        "deployments_url": "https://api.github.com/repos/octocat/test-repo1/deployments",
        "created_at": "2016-04-14T21:29:25Z",
        "updated_at": "2026-06-25T22:08:26Z",
        "pushed_at": "2024-03-07T11:37:27Z",
        "git_url": "git://github.com/octocat/test-repo1.git",
        "ssh_url": "git@github.com:octocat/test-repo1.git",
        "clone_url": "https://github.com/octocat/test-repo1.git",
        "svn_url": "https://github.com/octocat/test-repo1",
        "homepage": null,
        "size": 1,
        "stargazers_count": 460,
        "watchers_count": 460,
        "language": null,
        "has_issues": false,
        "has_projects": true,
        "has_downloads": true,
        "has_wiki": true,
        "has_pages": false,
        "has_discussions": false,
        "forks_count": 42,
        "mirror_url": null,
        "archived": false,
        "disabled": false,
        "open_issues_count": 0,
        "license": null,
        "allow_forking": true,
        "is_template": false,
        "web_commit_signoff_required": false,
        "has_pull_requests": true,
        "pull_request_creation_policy": "all",
        "topics": [
            
        ],
        "visibility": "public",
        "forks": 42,
        "open_issues": 0,
        "watchers": 460,
        "default_branch": "gh-pages"
    }
]

]]></system-out>
  </testcase>
</testsuite>