<?xml version="1.0" encoding="UTF-8"?>
<!-- Generated by org.testng.reporters.JUnitXMLReporter -->
<testsuite ignored="9" hostname="DESKTOP-7HAOKEV" failures="1" tests="2" name="Endpoint 3 – GET /repos/{owner}/{repo}/issues" time="0.433" errors="0" timestamp="2026-06-26T16:30:29 GET">
  <testcase classname="com.github.api.tests.GitHubApiTest" name="testGetIssuesNonExistentRepo" time="0.268"/>
  <testcase classname="com.github.api.tests.GitHubApiTest" name="testGetRepoIssues" time="0.418">
    <failure type="java.lang.NoClassDefFoundError" message="org/testng/internal/objects/InstanceCreator">
      <![CDATA[java.lang.NoClassDefFoundError: org/testng/internal/objects/InstanceCreator
at com.zebrunner.agent.testng.core.retry.RetryAnalyzerInterceptor.lambda$getOriginalRetryAnalyzer$1(RetryAnalyzerInterceptor.java:64)
at java.base/java.util.concurrent.ConcurrentHashMap.computeIfAbsent(ConcurrentHashMap.java:1708)
at com.zebrunner.agent.testng.core.retry.RetryAnalyzerInterceptor.getOriginalRetryAnalyzer(RetryAnalyzerInterceptor.java:62)
at com.zebrunner.agent.testng.core.retry.RetryAnalyzerInterceptor.retry(RetryAnalyzerInterceptor.java:36)
at java.base/java.util.concurrent.ThreadPoolExecutor.runWorker(ThreadPoolExecutor.java:1136)
at java.base/java.util.concurrent.ThreadPoolExecutor$Worker.run(ThreadPoolExecutor.java:635)
at java.base/java.lang.Thread.run(Thread.java:842)
at java.base/jdk.internal.loader.BuiltinClassLoader.loadClass(BuiltinClassLoader.java:641)
at java.base/jdk.internal.loader.ClassLoaders$AppClassLoader.loadClass(ClassLoaders.java:188)
at java.base/java.lang.ClassLoader.loadClass(ClassLoader.java:525)
... 15 more
... Removed 9 stack frames]]>
    </failure>
  </testcase> <!-- testGetRepoIssues -->
  <testcase classname="com.github.api.tests.GitHubApiTest" name="testGetExistingUser" time="0.0">
    <ignored/>
  </testcase> <!-- testGetExistingUser -->
  <testcase classname="com.github.api.tests.GitHubApiTest" name="testSearchRepositoriesWithEmptyQuery" time="0.0">
    <ignored/>
  </testcase> <!-- testSearchRepositoriesWithEmptyQuery -->
  <testcase classname="com.github.api.tests.GitHubApiTest" name="testGetNonExistentRepository" time="0.0">
    <ignored/>
  </testcase> <!-- testGetNonExistentRepository -->
  <testcase classname="com.github.api.tests.GitHubApiTest" name="testGetReposForNonExistentUser" time="0.0">
    <ignored/>
  </testcase> <!-- testGetReposForNonExistentUser -->
  <testcase classname="com.github.api.tests.GitHubApiTest" name="testGetNonExistentUser" time="0.0">
    <ignored/>
  </testcase> <!-- testGetNonExistentUser -->
  <testcase classname="com.github.api.tests.GitHubApiTest" name="testChainedUserToRepos" time="0.0">
    <ignored/>
  </testcase> <!-- testChainedUserToRepos -->
  <testcase classname="com.github.api.tests.GitHubApiTest" name="testGetExistingRepository" time="0.0">
    <ignored/>
  </testcase> <!-- testGetExistingRepository -->
  <testcase classname="com.github.api.tests.GitHubApiTest" name="testSearchRepositoriesWithValidQuery" time="0.0">
    <ignored/>
  </testcase> <!-- testSearchRepositoriesWithValidQuery -->
  <testcase classname="com.github.api.tests.GitHubApiTest" name="testGetUserRepos" time="0.0">
    <ignored/>
  </testcase> <!-- testGetUserRepos -->
</testsuite> <!-- Endpoint 3 – GET /repos/{owner}/{repo}/issues -->
