<?xml version="1.0" encoding="UTF-8"?>
<!-- Generated by org.testng.reporters.JUnitXMLReporter -->
<testsuite ignored="8" hostname="DESKTOP-7HAOKEV" failures="0" tests="3" name="Endpoint 5 – GET /users/{username}/repos" time="0.383" errors="0" timestamp="2026-06-26T16:30:29 GET">
  <testcase classname="com.github.api.tests.GitHubApiTest" name="testChainedUserToRepos" time="0.303"/>
  <testcase classname="com.github.api.tests.GitHubApiTest" name="testGetReposForNonExistentUser" time="0.305"/>
  <testcase classname="com.github.api.tests.GitHubApiTest" name="testGetUserRepos" time="0.374"/>
  <testcase classname="com.github.api.tests.GitHubApiTest" name="testGetExistingUser" time="0.0">
    <ignored/>
  </testcase> <!-- testGetExistingUser -->
  <testcase classname="com.github.api.tests.GitHubApiTest" name="testSearchRepositoriesWithEmptyQuery" time="0.0">
    <ignored/>
  </testcase> <!-- testSearchRepositoriesWithEmptyQuery -->
  <testcase classname="com.github.api.tests.GitHubApiTest" name="testGetNonExistentRepository" time="0.0">
    <ignored/>
  </testcase> <!-- testGetNonExistentRepository -->
  <testcase classname="com.github.api.tests.GitHubApiTest" name="testGetNonExistentUser" time="0.0">
    <ignored/>
  </testcase> <!-- testGetNonExistentUser -->
  <testcase classname="com.github.api.tests.GitHubApiTest" name="testGetIssuesNonExistentRepo" time="0.0">
    <ignored/>
  </testcase> <!-- testGetIssuesNonExistentRepo -->
  <testcase classname="com.github.api.tests.GitHubApiTest" name="testGetExistingRepository" time="0.0">
    <ignored/>
  </testcase> <!-- testGetExistingRepository -->
  <testcase classname="com.github.api.tests.GitHubApiTest" name="testSearchRepositoriesWithValidQuery" time="0.0">
    <ignored/>
  </testcase> <!-- testSearchRepositoriesWithValidQuery -->
  <testcase classname="com.github.api.tests.GitHubApiTest" name="testGetRepoIssues" time="0.0">
    <ignored/>
  </testcase> <!-- testGetRepoIssues -->
</testsuite> <!-- Endpoint 5 – GET /users/{username}/repos -->
