<?xml version="1.0" encoding="UTF-8"?>
<!-- Generated by org.testng.reporters.JUnitXMLReporter -->
<testsuite ignored="9" hostname="DESKTOP-7HAOKEV" failures="0" tests="2" name="Endpoint 2 – GET /repos/{owner}/{repo}" time="0.362" errors="0" timestamp="2026-06-26T16:30:28 GET">
  <testcase classname="com.github.api.tests.GitHubApiTest" name="testGetNonExistentRepository" time="0.304"/>
  <testcase classname="com.github.api.tests.GitHubApiTest" name="testGetExistingRepository" time="0.354"/>
  <testcase classname="com.github.api.tests.GitHubApiTest" name="testGetExistingUser" time="0.0">
    <ignored/>
  </testcase> <!-- testGetExistingUser -->
  <testcase classname="com.github.api.tests.GitHubApiTest" name="testSearchRepositoriesWithEmptyQuery" time="0.0">
    <ignored/>
  </testcase> <!-- testSearchRepositoriesWithEmptyQuery -->
  <testcase classname="com.github.api.tests.GitHubApiTest" name="testGetReposForNonExistentUser" time="0.0">
    <ignored/>
  </testcase> <!-- testGetReposForNonExistentUser -->
  <testcase classname="com.github.api.tests.GitHubApiTest" name="testGetNonExistentUser" time="0.0">
    <ignored/>
  </testcase> <!-- testGetNonExistentUser -->
  <testcase classname="com.github.api.tests.GitHubApiTest" name="testGetIssuesNonExistentRepo" time="0.0">
    <ignored/>
  </testcase> <!-- testGetIssuesNonExistentRepo -->
  <testcase classname="com.github.api.tests.GitHubApiTest" name="testChainedUserToRepos" time="0.0">
    <ignored/>
  </testcase> <!-- testChainedUserToRepos -->
  <testcase classname="com.github.api.tests.GitHubApiTest" name="testSearchRepositoriesWithValidQuery" time="0.0">
    <ignored/>
  </testcase> <!-- testSearchRepositoriesWithValidQuery -->
  <testcase classname="com.github.api.tests.GitHubApiTest" name="testGetUserRepos" time="0.0">
    <ignored/>
  </testcase> <!-- testGetUserRepos -->
  <testcase classname="com.github.api.tests.GitHubApiTest" name="testGetRepoIssues" time="0.0">
    <ignored/>
  </testcase> <!-- testGetRepoIssues -->
</testsuite> <!-- Endpoint 2 – GET /repos/{owner}/{repo} -->
