<?xml version="1.0" encoding="UTF-8"?>
<!-- Generated by org.testng.reporters.JUnitReportReporter -->
<testsuite hostname="DESKTOP-7HAOKEV" failures="0" tests="11" name="com.github.api.tests.GitHubApiTest" time="7.395" errors="3" timestamp="2026-06-26T16:30:30 GET" skipped="0">
  <testcase classname="com.github.api.tests.GitHubApiTest" name="testGetReposForNonExistentUser" time="0.305"/>
  <system-out/>
  <testcase classname="com.github.api.tests.GitHubApiTest" name="testChainedUserToRepos" time="0.303"/>
  <system-out/>
  <testcase classname="com.github.api.tests.GitHubApiTest" name="testGetRepoIssues" time="0.418">
    <error message="org/testng/internal/objects/InstanceCreator" type="java.lang.NoClassDefFoundError">
      <![CDATA[java.lang.NoClassDefFoundError: org/testng/internal/objects/InstanceCreator
at com.zebrunner.agent.testng.core.retry.RetryAnalyzerInterceptor.lambda$getOriginalRetryAnalyzer$1(RetryAnalyzerInterceptor.java:64)
at java.base/java.util.concurrent.ConcurrentHashMap.computeIfAbsent(ConcurrentHashMap.java:1708)
at com.zebrunner.agent.testng.core.retry.RetryAnalyzerInterceptor.getOriginalRetryAnalyzer(RetryAnalyzerInterceptor.java:62)
at com.zebrunner.agent.testng.core.retry.RetryAnalyzerInterceptor.retry(RetryAnalyzerInterceptor.java:36)
at org.testng.internal.TestInvoker.handleInvocationResults(TestInvoker.java:486)
at org.testng.internal.TestInvoker.invokeMethod(TestInvoker.java:638)
at org.testng.internal.TestInvoker.invokeTestMethod(TestInvoker.java:173)
at org.testng.internal.MethodRunner.runInSequence(MethodRunner.java:46)
at org.testng.internal.TestInvoker$MethodInvocationAgent.invoke(TestInvoker.java:824)
at org.testng.internal.TestInvoker.invokeTestMethods(TestInvoker.java:146)
at org.testng.internal.TestMethodWorker.invokeTestMethods(TestMethodWorker.java:146)
at org.testng.internal.TestMethodWorker.run(TestMethodWorker.java:128)
at java.base/java.util.concurrent.ThreadPoolExecutor.runWorker(ThreadPoolExecutor.java:1136)
at java.base/java.util.concurrent.ThreadPoolExecutor$Worker.run(ThreadPoolExecutor.java:635)
at java.base/java.lang.Thread.run(Thread.java:842)
Caused by: java.lang.ClassNotFoundException: org.testng.internal.objects.InstanceCreator
at java.base/jdk.internal.loader.BuiltinClassLoader.loadClass(BuiltinClassLoader.java:641)
at java.base/jdk.internal.loader.ClassLoaders$AppClassLoader.loadClass(ClassLoaders.java:188)
at java.base/java.lang.ClassLoader.loadClass(ClassLoader.java:525)
... 15 more
]]>
    </error>
  </testcase> <!-- testGetRepoIssues -->
  <system-out/>
  <testcase classname="com.github.api.tests.GitHubApiTest" name="testGetUserRepos" time="0.374"/>
  <system-out/>
  <testcase classname="com.github.api.tests.GitHubApiTest" name="testGetNonExistentUser" time="2.454"/>
  <system-out/>
  <testcase classname="com.github.api.tests.GitHubApiTest" name="testSearchRepositoriesWithValidQuery" time="0.078">
    <error message="org/testng/internal/objects/InstanceCreator" type="java.lang.NoClassDefFoundError">
      <![CDATA[java.lang.NoClassDefFoundError: org/testng/internal/objects/InstanceCreator
at com.zebrunner.agent.testng.core.retry.RetryAnalyzerInterceptor.lambda$getOriginalRetryAnalyzer$1(RetryAnalyzerInterceptor.java:64)
at java.base/java.util.concurrent.ConcurrentHashMap.computeIfAbsent(ConcurrentHashMap.java:1708)
at com.zebrunner.agent.testng.core.retry.RetryAnalyzerInterceptor.getOriginalRetryAnalyzer(RetryAnalyzerInterceptor.java:62)
at com.zebrunner.agent.testng.core.retry.RetryAnalyzerInterceptor.retry(RetryAnalyzerInterceptor.java:36)
at org.testng.internal.TestInvoker.handleInvocationResults(TestInvoker.java:486)
at org.testng.internal.TestInvoker.invokeMethod(TestInvoker.java:638)
at org.testng.internal.TestInvoker.invokeTestMethod(TestInvoker.java:173)
at org.testng.internal.MethodRunner.runInSequence(MethodRunner.java:46)
at org.testng.internal.TestInvoker$MethodInvocationAgent.invoke(TestInvoker.java:824)
at org.testng.internal.TestInvoker.invokeTestMethods(TestInvoker.java:146)
at org.testng.internal.TestMethodWorker.invokeTestMethods(TestMethodWorker.java:146)
at org.testng.internal.TestMethodWorker.run(TestMethodWorker.java:128)
at java.base/java.util.concurrent.ThreadPoolExecutor.runWorker(ThreadPoolExecutor.java:1136)
at java.base/java.util.concurrent.ThreadPoolExecutor$Worker.run(ThreadPoolExecutor.java:635)
at java.base/java.lang.Thread.run(Thread.java:842)
]]>
    </error>
  </testcase> <!-- testSearchRepositoriesWithValidQuery -->
  <system-out/>
  <testcase classname="com.github.api.tests.GitHubApiTest" name="testGetExistingRepository" time="0.354"/>
  <system-out/>
  <testcase classname="com.github.api.tests.GitHubApiTest" name="testGetExistingUser" time="2.455"/>
  <system-out/>
  <testcase classname="com.github.api.tests.GitHubApiTest" name="testGetNonExistentRepository" time="0.304"/>
  <system-out/>
  <testcase classname="com.github.api.tests.GitHubApiTest" name="testGetIssuesNonExistentRepo" time="0.268"/>
  <system-out/>
  <testcase classname="com.github.api.tests.GitHubApiTest" name="testSearchRepositoriesWithEmptyQuery" time="0.082">
    <error message="org/testng/internal/objects/InstanceCreator" type="java.lang.NoClassDefFoundError">
      <![CDATA[java.lang.NoClassDefFoundError: org/testng/internal/objects/InstanceCreator
at com.zebrunner.agent.testng.core.retry.RetryAnalyzerInterceptor.lambda$getOriginalRetryAnalyzer$1(RetryAnalyzerInterceptor.java:64)
at java.base/java.util.concurrent.ConcurrentHashMap.computeIfAbsent(ConcurrentHashMap.java:1708)
at com.zebrunner.agent.testng.core.retry.RetryAnalyzerInterceptor.getOriginalRetryAnalyzer(RetryAnalyzerInterceptor.java:62)
at com.zebrunner.agent.testng.core.retry.RetryAnalyzerInterceptor.retry(RetryAnalyzerInterceptor.java:36)
at org.testng.internal.TestInvoker.handleInvocationResults(TestInvoker.java:486)
at org.testng.internal.TestInvoker.invokeMethod(TestInvoker.java:638)
at org.testng.internal.TestInvoker.invokeTestMethod(TestInvoker.java:173)
at org.testng.internal.MethodRunner.runInSequence(MethodRunner.java:46)
at org.testng.internal.TestInvoker$MethodInvocationAgent.invoke(TestInvoker.java:824)
at org.testng.internal.TestInvoker.invokeTestMethods(TestInvoker.java:146)
at org.testng.internal.TestMethodWorker.invokeTestMethods(TestMethodWorker.java:146)
at org.testng.internal.TestMethodWorker.run(TestMethodWorker.java:128)
at java.base/java.util.concurrent.ThreadPoolExecutor.runWorker(ThreadPoolExecutor.java:1136)
at java.base/java.util.concurrent.ThreadPoolExecutor$Worker.run(ThreadPoolExecutor.java:635)
at java.base/java.lang.Thread.run(Thread.java:842)
]]>
    </error>
  </testcase> <!-- testSearchRepositoriesWithEmptyQuery -->
  <system-out/>
</testsuite> <!-- com.github.api.tests.GitHubApiTest -->
